#
# There is insufficient memory for the Java Runtime Environment to continue.
# Native memory allocation (malloc) failed to allocate 903952 bytes for Chunk::new
# Possible reasons:
#   The system is out of physical RAM or swap space
#   The process is running with CompressedOops enabled, and the Java Heap may be blocking the growth of the native heap
# Possible solutions:
#   Reduce memory load on the system
#   Increase physical memory or swap space
#   Check if swap backing store is full
#   Decrease Java heap size (-Xmx/-Xms)
#   Decrease number of Java threads
#   Decrease Java thread stack sizes (-Xss)
#   Set larger code cache with -XX:ReservedCodeCacheSize=
#   JVM is running with Unscaled Compressed Oops mode in which the Java heap is
#     placed in the first 4GB address space. The Java Heap base address is the
#     maximum limit for the native heap growth. Please use -XX:HeapBaseMinAddress
#     to set the Java Heap base and to place the Java Heap above 4GB virtual address.
# This output file may be truncated or incomplete.
#
#  Out of Memory Error (arena.cpp:191), pid=22996, tid=29440
#
# JRE version: OpenJDK Runtime Environment (17.0.9) (build 17.0.9+0--11185874)
# Java VM: OpenJDK 64-Bit Server VM (17.0.9+0--11185874, mixed mode, tiered, compressed oops, compressed class ptrs, g1 gc, windows-amd64)
# No core dump will be written. Minidumps are not enabled by default on client versions of Windows
#

---------------  S U M M A R Y ------------

Command Line: org.jetbrains.kotlin.cli.jvm.K2JVMCompiler @C:\Users\Owner\AndroidStudioProjects\LazyListy\app\build\20240708_10452468294964225006.compiler.options

Host: AMD Ryzen 5 4500U with Radeon Graphics         , 6 cores, 7G,  Windows 11 , 64 bit Build 22621 (10.0.22621.3672)
Time: Mon Jul  8 22:07:30 2024 Malay Peninsula Standard Time elapsed time: 9.789142 seconds (0d 0h 0m 9s)

---------------  T H R E A D  ---------------

Current thread (0x000001ed2f24e380):  JavaThread "C2 CompilerThread1" daemon [_thread_in_native, id=29440, stack(0x000000ab76a00000,0x000000ab76b00000)]


Current CompileTask:
C2:   9789 10964       4       jdk.internal.loader.ClassLoaders$AppClassLoader::defineOrCheckPackage (8 bytes)

Stack: [0x000000ab76a00000,0x000000ab76b00000]
Native frames: (J=compiled Java code, j=interpreted, Vv=VM code, C=native code)
V  [jvm.dll+0x6886e9]
V  [jvm.dll+0x841e4a]
V  [jvm.dll+0x843a8e]
V  [jvm.dll+0x8440f3]
V  [jvm.dll+0x24c14f]
V  [jvm.dll+0xac44c]
V  [jvm.dll+0xaca9c]
V  [jvm.dll+0x36c1f7]
V  [jvm.dll+0x33651a]
V  [jvm.dll+0x3359ba]
V  [jvm.dll+0x21ddb1]
V  [jvm.dll+0x21d1d1]
V  [jvm.dll+0x1a674d]
V  [jvm.dll+0x22d088]
V  [jvm.dll+0x22b1c0]
V  [jvm.dll+0x7f62f7]
V  [jvm.dll+0x7f06aa]
V  [jvm.dll+0x687565]
C  [ucrtbase.dll+0x29333]
C  [KERNEL32.DLL+0x1257d]
C  [ntdll.dll+0x5af28]


---------------  P R O C E S S  ---------------

Threads class SMR info:
_java_thread_list=0x000001ed2f1892e0, length=13, elements={
0x000001ed111fa250, 0x000001ed2a6a4ec0, 0x000001ed2a6a5b40, 0x000001ed2a6ae4e0,
0x000001ed2a832640, 0x000001ed2a84e090, 0x000001ed2a84ea50, 0x000001ed2a84f7f0,
0x000001ed2a8502a0, 0x000001ed2a851cb0, 0x000001ed2a9b9fe0, 0x000001ed2a9ce7a0,
0x000001ed2f24e380
}

Java Threads: ( => current thread )
  0x000001ed111fa250 JavaThread "main" [_thread_in_Java, id=2476, stack(0x000000ab75000000,0x000000ab75100000)]
  0x000001ed2a6a4ec0 JavaThread "Reference Handler" daemon [_thread_blocked, id=15912, stack(0x000000ab75700000,0x000000ab75800000)]
  0x000001ed2a6a5b40 JavaThread "Finalizer" daemon [_thread_blocked, id=18424, stack(0x000000ab75800000,0x000000ab75900000)]
  0x000001ed2a6ae4e0 JavaThread "Signal Dispatcher" daemon [_thread_blocked, id=12812, stack(0x000000ab75900000,0x000000ab75a00000)]
  0x000001ed2a832640 JavaThread "Attach Listener" daemon [_thread_blocked, id=25460, stack(0x000000ab75a00000,0x000000ab75b00000)]
  0x000001ed2a84e090 JavaThread "Service Thread" daemon [_thread_blocked, id=22912, stack(0x000000ab75b00000,0x000000ab75c00000)]
  0x000001ed2a84ea50 JavaThread "Monitor Deflation Thread" daemon [_thread_blocked, id=16512, stack(0x000000ab75c00000,0x000000ab75d00000)]
  0x000001ed2a84f7f0 JavaThread "C2 CompilerThread0" daemon [_thread_in_native, id=33108, stack(0x000000ab75d00000,0x000000ab75e00000)]
  0x000001ed2a8502a0 JavaThread "C1 CompilerThread0" daemon [_thread_in_native, id=27988, stack(0x000000ab75e00000,0x000000ab75f00000)]
  0x000001ed2a851cb0 JavaThread "Sweeper thread" daemon [_thread_blocked, id=20028, stack(0x000000ab75f00000,0x000000ab76000000)]
  0x000001ed2a9b9fe0 JavaThread "Notification Thread" daemon [_thread_blocked, id=29444, stack(0x000000ab76000000,0x000000ab76100000)]
  0x000001ed2a9ce7a0 JavaThread "Common-Cleaner" daemon [_thread_blocked, id=16372, stack(0x000000ab76200000,0x000000ab76300000)]
=>0x000001ed2f24e380 JavaThread "C2 CompilerThread1" daemon [_thread_in_native, id=29440, stack(0x000000ab76a00000,0x000000ab76b00000)]

Other Threads:
  0x000001ed2a665400 VMThread "VM Thread" [stack: 0x000000ab75600000,0x000000ab75700000] [id=16208]
  0x000001ed2a9be4d0 WatcherThread [stack: 0x000000ab76100000,0x000000ab76200000] [id=18092]
  0x000001ed11252b70 GCTaskThread "GC Thread#0" [stack: 0x000000ab75100000,0x000000ab75200000] [id=24516]
  0x000001ed2f28d610 GCTaskThread "GC Thread#1" [stack: 0x000000ab76400000,0x000000ab76500000] [id=14460]
  0x000001ed2f30fb10 GCTaskThread "GC Thread#2" [stack: 0x000000ab76500000,0x000000ab76600000] [id=31144]
  0x000001ed2f30fdd0 GCTaskThread "GC Thread#3" [stack: 0x000000ab76600000,0x000000ab76700000] [id=6348]
  0x000001ed2f3bace0 GCTaskThread "GC Thread#4" [stack: 0x000000ab76700000,0x000000ab76800000] [id=16808]
  0x000001ed2fc3f530 GCTaskThread "GC Thread#5" [stack: 0x000000ab76800000,0x000000ab76900000] [id=2156]
  0x000001ed11262740 ConcurrentGCThread "G1 Main Marker" [stack: 0x000000ab75200000,0x000000ab75300000] [id=23320]
  0x000001ed11264170 ConcurrentGCThread "G1 Conc#0" [stack: 0x000000ab75300000,0x000000ab75400000] [id=29068]
  0x000001ed2fc19260 ConcurrentGCThread "G1 Conc#1" [stack: 0x000000ab76900000,0x000000ab76a00000] [id=15060]
  0x000001ed2a514280 ConcurrentGCThread "G1 Refine#0" [stack: 0x000000ab75400000,0x000000ab75500000] [id=5060]
  0x000001ed30a04c40 ConcurrentGCThread "G1 Refine#1" [stack: 0x000000ab76300000,0x000000ab76400000] [id=25616]
  0x000001ed31614290 ConcurrentGCThread "G1 Refine#2" [stack: 0x000000ab76b00000,0x000000ab76c00000] [id=20124]
  0x000001ed2a514ac0 ConcurrentGCThread "G1 Service" [stack: 0x000000ab75500000,0x000000ab75600000] [id=21936]

Threads with active compile tasks:
C2 CompilerThread0     9828 10827       4       jdk.internal.loader.BuiltinClassLoader::defineClass (121 bytes)
C1 CompilerThread0     9828 11001       3       org.jetbrains.kotlin.backend.jvm.mapping.MethodSignatureMapper::writeParameterType (156 bytes)
C2 CompilerThread1     9828 10964       4       jdk.internal.loader.ClassLoaders$AppClassLoader::defineOrCheckPackage (8 bytes)

VM state: not at safepoint (normal execution)

VM Mutex/Monitor currently owned by a thread: None

Heap address: 0x0000000089c00000, size: 1892 MB, Compressed Oops mode: 32-bit

CDS archive(s) not mapped
Compressed class space mapped at: 0x0000000100000000-0x0000000140000000, reserved size: 1073741824
Narrow klass base: 0x0000000000000000, Narrow klass shift: 3, Narrow klass range: 0x140000000

GC Precious Log:
 CPUs: 6 total, 6 available
 Memory: 7564M
 Large Page Support: Disabled
 NUMA Support: Disabled
 Compressed Oops: Enabled (32-bit)
 Heap Region Size: 1M
 Heap Min Capacity: 8M
 Heap Initial Capacity: 120M
 Heap Max Capacity: 1892M
 Pre-touch: Disabled
 Parallel Workers: 6
 Concurrent Workers: 2
 Concurrent Refinement Workers: 6
 Periodic GC: Disabled

Heap:
 garbage-first heap   total 188416K, used 79178K [0x0000000089c00000, 0x0000000100000000)
  region size 1024K, 9 young (9216K), 7 survivors (7168K)
 Metaspace       used 78896K, committed 79296K, reserved 1179648K
  class space    used 8914K, committed 9088K, reserved 1048576K

Heap Regions: E=young(eden), S=young(survivor), O=old, HS=humongous(starts), HC=humongous(continues), CS=collection set, F=free, OA=open archive, CA=closed archive, TAMS=top-at-mark-start (previous, next)
|   0|0x0000000089c00000, 0x0000000089d00000, 0x0000000089d00000|100%|HS|  |TAMS 0x0000000089d00000, 0x0000000089c00000| Complete 
|   1|0x0000000089d00000, 0x0000000089e00000, 0x0000000089e00000|100%|HC|  |TAMS 0x0000000089e00000, 0x0000000089d00000| Complete 
|   2|0x0000000089e00000, 0x0000000089f00000, 0x0000000089f00000|100%|HC|  |TAMS 0x0000000089f00000, 0x0000000089e00000| Complete 
|   3|0x0000000089f00000, 0x000000008a000000, 0x000000008a000000|100%|HC|  |TAMS 0x000000008a000000, 0x0000000089f00000| Complete 
|   4|0x000000008a000000, 0x000000008a100000, 0x000000008a100000|100%| O|  |TAMS 0x000000008a100000, 0x000000008a000000| Untracked 
|   5|0x000000008a100000, 0x000000008a200000, 0x000000008a200000|100%| O|  |TAMS 0x000000008a200000, 0x000000008a100000| Untracked 
|   6|0x000000008a200000, 0x000000008a300000, 0x000000008a300000|100%| O|  |TAMS 0x000000008a300000, 0x000000008a200000| Untracked 
|   7|0x000000008a300000, 0x000000008a400000, 0x000000008a400000|100%| O|  |TAMS 0x000000008a400000, 0x000000008a300000| Untracked 
|   8|0x000000008a400000, 0x000000008a500000, 0x000000008a500000|100%| O|  |TAMS 0x000000008a400000, 0x000000008a400000| Untracked 
|   9|0x000000008a500000, 0x000000008a600000, 0x000000008a600000|100%| O|  |TAMS 0x000000008a600000, 0x000000008a500000| Untracked 
|  10|0x000000008a600000, 0x000000008a700000, 0x000000008a700000|100%| O|  |TAMS 0x000000008a700000, 0x000000008a600000| Untracked 
|  11|0x000000008a700000, 0x000000008a800000, 0x000000008a800000|100%| O|  |TAMS 0x000000008a800000, 0x000000008a700000| Untracked 
|  12|0x000000008a800000, 0x000000008a900000, 0x000000008a900000|100%| O|  |TAMS 0x000000008a900000, 0x000000008a800000| Untracked 
|  13|0x000000008a900000, 0x000000008aa00000, 0x000000008aa00000|100%| O|  |TAMS 0x000000008aa00000, 0x000000008a900000| Untracked 
|  14|0x000000008aa00000, 0x000000008ab00000, 0x000000008ab00000|100%| O|  |TAMS 0x000000008ab00000, 0x000000008aa00000| Untracked 
|  15|0x000000008ab00000, 0x000000008ac00000, 0x000000008ac00000|100%| O|  |TAMS 0x000000008ac00000, 0x000000008ab00000| Untracked 
|  16|0x000000008ac00000, 0x000000008ad00000, 0x000000008ad00000|100%| O|  |TAMS 0x000000008ad00000, 0x000000008ac00000| Untracked 
|  17|0x000000008ad00000, 0x000000008ae00000, 0x000000008ae00000|100%| O|  |TAMS 0x000000008ae00000, 0x000000008ad00000| Untracked 
|  18|0x000000008ae00000, 0x000000008af00000, 0x000000008af00000|100%| O|  |TAMS 0x000000008af00000, 0x000000008ae00000| Untracked 
|  19|0x000000008af00000, 0x000000008b000000, 0x000000008b000000|100%| O|  |TAMS 0x000000008b000000, 0x000000008af00000| Untracked 
|  20|0x000000008b000000, 0x000000008b100000, 0x000000008b100000|100%| O|  |TAMS 0x000000008b100000, 0x000000008b000000| Untracked 
|  21|0x000000008b100000, 0x000000008b200000, 0x000000008b200000|100%| O|  |TAMS 0x000000008b200000, 0x000000008b100000| Untracked 
|  22|0x000000008b200000, 0x000000008b300000, 0x000000008b300000|100%| O|  |TAMS 0x000000008b300000, 0x000000008b200000| Untracked 
|  23|0x000000008b300000, 0x000000008b400000, 0x000000008b400000|100%|HS|  |TAMS 0x000000008b400000, 0x000000008b300000| Complete 
|  24|0x000000008b400000, 0x000000008b500000, 0x000000008b500000|100%|HC|  |TAMS 0x000000008b500000, 0x000000008b400000| Complete 
|  25|0x000000008b500000, 0x000000008b600000, 0x000000008b600000|100%| O|  |TAMS 0x000000008b600000, 0x000000008b500000| Untracked 
|  26|0x000000008b600000, 0x000000008b700000, 0x000000008b700000|100%| O|  |TAMS 0x000000008b700000, 0x000000008b600000| Untracked 
|  27|0x000000008b700000, 0x000000008b800000, 0x000000008b800000|100%| O|  |TAMS 0x000000008b800000, 0x000000008b700000| Untracked 
|  28|0x000000008b800000, 0x000000008b900000, 0x000000008b900000|100%| O|  |TAMS 0x000000008b900000, 0x000000008b800000| Untracked 
|  29|0x000000008b900000, 0x000000008ba00000, 0x000000008ba00000|100%| O|  |TAMS 0x000000008ba00000, 0x000000008b900000| Untracked 
|  30|0x000000008ba00000, 0x000000008bb00000, 0x000000008bb00000|100%| O|  |TAMS 0x000000008bb00000, 0x000000008ba00000| Untracked 
|  31|0x000000008bb00000, 0x000000008bc00000, 0x000000008bc00000|100%| O|  |TAMS 0x000000008bc00000, 0x000000008bb00000| Untracked 
|  32|0x000000008bc00000, 0x000000008bd00000, 0x000000008bd00000|100%| O|  |TAMS 0x000000008bd00000, 0x000000008bc00000| Untracked 
|  33|0x000000008bd00000, 0x000000008be00000, 0x000000008be00000|100%| O|  |TAMS 0x000000008be00000, 0x000000008bd00000| Untracked 
|  34|0x000000008be00000, 0x000000008bf00000, 0x000000008bf00000|100%| O|  |TAMS 0x000000008bf00000, 0x000000008be00000| Untracked 
|  35|0x000000008bf00000, 0x000000008c000000, 0x000000008c000000|100%| O|  |TAMS 0x000000008c000000, 0x000000008bf00000| Untracked 
|  36|0x000000008c000000, 0x000000008c100000, 0x000000008c100000|100%| O|  |TAMS 0x000000008c100000, 0x000000008c000000| Untracked 
|  37|0x000000008c100000, 0x000000008c200000, 0x000000008c200000|100%| O|  |TAMS 0x000000008c200000, 0x000000008c100000| Untracked 
|  38|0x000000008c200000, 0x000000008c300000, 0x000000008c300000|100%| O|  |TAMS 0x000000008c300000, 0x000000008c200000| Untracked 
|  39|0x000000008c300000, 0x000000008c400000, 0x000000008c400000|100%| O|  |TAMS 0x000000008c300000, 0x000000008c300000| Untracked 
|  40|0x000000008c400000, 0x000000008c500000, 0x000000008c500000|100%| O|  |TAMS 0x000000008c500000, 0x000000008c400000| Untracked 
|  41|0x000000008c500000, 0x000000008c600000, 0x000000008c600000|100%| O|  |TAMS 0x000000008c600000, 0x000000008c500000| Untracked 
|  42|0x000000008c600000, 0x000000008c700000, 0x000000008c700000|100%| O|  |TAMS 0x000000008c700000, 0x000000008c600000| Untracked 
|  43|0x000000008c700000, 0x000000008c800000, 0x000000008c800000|100%| O|  |TAMS 0x000000008c800000, 0x000000008c700000| Untracked 
|  44|0x000000008c800000, 0x000000008c900000, 0x000000008c900000|100%| O|  |TAMS 0x000000008c900000, 0x000000008c800000| Untracked 
|  45|0x000000008c900000, 0x000000008ca00000, 0x000000008ca00000|100%| O|  |TAMS 0x000000008ca00000, 0x000000008c900000| Untracked 
|  46|0x000000008ca00000, 0x000000008cb00000, 0x000000008cb00000|100%| O|  |TAMS 0x000000008cb00000, 0x000000008ca00000| Untracked 
|  47|0x000000008cb00000, 0x000000008cbd7400, 0x000000008cc00000| 84%| O|  |TAMS 0x000000008cbd7400, 0x000000008cb00000| Untracked 
|  48|0x000000008cc00000, 0x000000008cd00000, 0x000000008cd00000|100%|HS|  |TAMS 0x000000008cd00000, 0x000000008cc00000| Complete 
|  49|0x000000008cd00000, 0x000000008ce00000, 0x000000008ce00000|100%|HC|  |TAMS 0x000000008ce00000, 0x000000008cd00000| Complete 
|  50|0x000000008ce00000, 0x000000008cf00000, 0x000000008cf00000|100%| O|  |TAMS 0x000000008ce00000, 0x000000008ce00000| Untracked 
|  51|0x000000008cf00000, 0x000000008d000000, 0x000000008d000000|100%| O|  |TAMS 0x000000008cf00000, 0x000000008cf00000| Untracked 
|  52|0x000000008d000000, 0x000000008d100000, 0x000000008d100000|100%| O|  |TAMS 0x000000008d000000, 0x000000008d000000| Untracked 
|  53|0x000000008d100000, 0x000000008d200000, 0x000000008d200000|100%| O|  |TAMS 0x000000008d100000, 0x000000008d100000| Untracked 
|  54|0x000000008d200000, 0x000000008d300000, 0x000000008d300000|100%| O|  |TAMS 0x000000008d200000, 0x000000008d200000| Untracked 
|  55|0x000000008d300000, 0x000000008d400000, 0x000000008d400000|100%| O|  |TAMS 0x000000008d300000, 0x000000008d300000| Untracked 
|  56|0x000000008d400000, 0x000000008d500000, 0x000000008d500000|100%| O|  |TAMS 0x000000008d400000, 0x000000008d400000| Untracked 
|  57|0x000000008d500000, 0x000000008d600000, 0x000000008d600000|100%| O|  |TAMS 0x000000008d500000, 0x000000008d500000| Untracked 
|  58|0x000000008d600000, 0x000000008d700000, 0x000000008d700000|100%| O|  |TAMS 0x000000008d600000, 0x000000008d600000| Untracked 
|  59|0x000000008d700000, 0x000000008d800000, 0x000000008d800000|100%| O|  |TAMS 0x000000008d700000, 0x000000008d700000| Untracked 
|  60|0x000000008d800000, 0x000000008d900000, 0x000000008d900000|100%| O|  |TAMS 0x000000008d800000, 0x000000008d800000| Untracked 
|  61|0x000000008d900000, 0x000000008da00000, 0x000000008da00000|100%| O|  |TAMS 0x000000008d900000, 0x000000008d900000| Untracked 
|  62|0x000000008da00000, 0x000000008db00000, 0x000000008db00000|100%| O|  |TAMS 0x000000008da00000, 0x000000008da00000| Untracked 
|  63|0x000000008db00000, 0x000000008dc00000, 0x000000008dc00000|100%| O|  |TAMS 0x000000008db00000, 0x000000008db00000| Untracked 
|  64|0x000000008dc00000, 0x000000008dd00000, 0x000000008dd00000|100%| O|  |TAMS 0x000000008dc00000, 0x000000008dc00000| Untracked 
|  65|0x000000008dd00000, 0x000000008de00000, 0x000000008de00000|100%| O|  |TAMS 0x000000008dd00000, 0x000000008dd00000| Untracked 
|  66|0x000000008de00000, 0x000000008df00000, 0x000000008df00000|100%| O|  |TAMS 0x000000008de00000, 0x000000008de00000| Untracked 
|  67|0x000000008df00000, 0x000000008e000000, 0x000000008e000000|100%| O|  |TAMS 0x000000008df00000, 0x000000008df00000| Untracked 
|  68|0x000000008e000000, 0x000000008e100000, 0x000000008e100000|100%| O|  |TAMS 0x000000008e000000, 0x000000008e000000| Untracked 
|  69|0x000000008e100000, 0x000000008e11bc00, 0x000000008e200000| 10%| O|  |TAMS 0x000000008e100000, 0x000000008e100000| Untracked 
|  70|0x000000008e200000, 0x000000008e200000, 0x000000008e300000|  0%| F|  |TAMS 0x000000008e200000, 0x000000008e200000| Untracked 
|  71|0x000000008e300000, 0x000000008e300000, 0x000000008e400000|  0%| F|  |TAMS 0x000000008e300000, 0x000000008e300000| Untracked 
|  72|0x000000008e400000, 0x000000008e400000, 0x000000008e500000|  0%| F|  |TAMS 0x000000008e400000, 0x000000008e400000| Untracked 
|  73|0x000000008e500000, 0x000000008e500000, 0x000000008e600000|  0%| F|  |TAMS 0x000000008e500000, 0x000000008e500000| Untracked 
|  74|0x000000008e600000, 0x000000008e600000, 0x000000008e700000|  0%| F|  |TAMS 0x000000008e600000, 0x000000008e600000| Untracked 
|  75|0x000000008e700000, 0x000000008e700000, 0x000000008e800000|  0%| F|  |TAMS 0x000000008e700000, 0x000000008e700000| Untracked 
|  76|0x000000008e800000, 0x000000008e800000, 0x000000008e900000|  0%| F|  |TAMS 0x000000008e800000, 0x000000008e800000| Untracked 
|  77|0x000000008e900000, 0x000000008e900000, 0x000000008ea00000|  0%| F|  |TAMS 0x000000008e900000, 0x000000008e900000| Untracked 
|  78|0x000000008ea00000, 0x000000008ea00000, 0x000000008eb00000|  0%| F|  |TAMS 0x000000008ea00000, 0x000000008ea00000| Untracked 
|  79|0x000000008eb00000, 0x000000008eb00000, 0x000000008ec00000|  0%| F|  |TAMS 0x000000008eb00000, 0x000000008eb00000| Untracked 
|  80|0x000000008ec00000, 0x000000008ec00000, 0x000000008ed00000|  0%| F|  |TAMS 0x000000008ec00000, 0x000000008ec00000| Untracked 
|  81|0x000000008ed00000, 0x000000008ed00000, 0x000000008ee00000|  0%| F|  |TAMS 0x000000008ed00000, 0x000000008ed00000| Untracked 
|  82|0x000000008ee00000, 0x000000008ee00000, 0x000000008ef00000|  0%| F|  |TAMS 0x000000008ee00000, 0x000000008ee00000| Untracked 
|  83|0x000000008ef00000, 0x000000008ef00000, 0x000000008f000000|  0%| F|  |TAMS 0x000000008ef00000, 0x000000008ef00000| Untracked 
|  84|0x000000008f000000, 0x000000008f000000, 0x000000008f100000|  0%| F|  |TAMS 0x000000008f000000, 0x000000008f000000| Untracked 
|  85|0x000000008f100000, 0x000000008f100000, 0x000000008f200000|  0%| F|  |TAMS 0x000000008f100000, 0x000000008f100000| Untracked 
|  86|0x000000008f200000, 0x000000008f200000, 0x000000008f300000|  0%| F|  |TAMS 0x000000008f200000, 0x000000008f200000| Untracked 
|  87|0x000000008f300000, 0x000000008f300000, 0x000000008f400000|  0%| F|  |TAMS 0x000000008f300000, 0x000000008f300000| Untracked 
|  88|0x000000008f400000, 0x000000008f400000, 0x000000008f500000|  0%| F|  |TAMS 0x000000008f400000, 0x000000008f400000| Untracked 
|  89|0x000000008f500000, 0x000000008f500000, 0x000000008f600000|  0%| F|  |TAMS 0x000000008f500000, 0x000000008f500000| Untracked 
|  90|0x000000008f600000, 0x000000008f600000, 0x000000008f700000|  0%| F|  |TAMS 0x000000008f600000, 0x000000008f600000| Untracked 
|  91|0x000000008f700000, 0x000000008f700000, 0x000000008f800000|  0%| F|  |TAMS 0x000000008f700000, 0x000000008f700000| Untracked 
|  92|0x000000008f800000, 0x000000008f800000, 0x000000008f900000|  0%| F|  |TAMS 0x000000008f800000, 0x000000008f800000| Untracked 
|  93|0x000000008f900000, 0x000000008f900000, 0x000000008fa00000|  0%| F|  |TAMS 0x000000008f900000, 0x000000008f900000| Untracked 
|  94|0x000000008fa00000, 0x000000008fa00000, 0x000000008fb00000|  0%| F|  |TAMS 0x000000008fa00000, 0x000000008fa00000| Untracked 
|  95|0x000000008fb00000, 0x000000008fb00000, 0x000000008fc00000|  0%| F|  |TAMS 0x000000008fb00000, 0x000000008fb00000| Untracked 
|  96|0x000000008fc00000, 0x000000008fc00000, 0x000000008fd00000|  0%| F|  |TAMS 0x000000008fc00000, 0x000000008fc00000| Untracked 
|  97|0x000000008fd00000, 0x000000008fd00000, 0x000000008fe00000|  0%| F|  |TAMS 0x000000008fd00000, 0x000000008fd00000| Untracked 
|  98|0x000000008fe00000, 0x000000008fe00000, 0x000000008ff00000|  0%| F|  |TAMS 0x000000008fe00000, 0x000000008fe00000| Untracked 
|  99|0x000000008ff00000, 0x000000008ff5f948, 0x0000000090000000| 37%| S|CS|TAMS 0x000000008ff00000, 0x000000008ff00000| Complete 
| 100|0x0000000090000000, 0x0000000090000000, 0x0000000090100000|  0%| F|  |TAMS 0x0000000090000000, 0x0000000090000000| Untracked 
| 101|0x0000000090100000, 0x0000000090100000, 0x0000000090200000|  0%| F|  |TAMS 0x0000000090100000, 0x0000000090100000| Untracked 
| 102|0x0000000090200000, 0x0000000090200000, 0x0000000090300000|  0%| F|  |TAMS 0x0000000090200000, 0x0000000090200000| Untracked 
| 103|0x0000000090300000, 0x0000000090300000, 0x0000000090400000|  0%| F|  |TAMS 0x0000000090300000, 0x0000000090300000| Untracked 
| 104|0x0000000090400000, 0x0000000090400000, 0x0000000090500000|  0%| F|  |TAMS 0x0000000090400000, 0x0000000090400000| Untracked 
| 105|0x0000000090500000, 0x0000000090500000, 0x0000000090600000|  0%| F|  |TAMS 0x0000000090500000, 0x0000000090500000| Untracked 
| 106|0x0000000090600000, 0x0000000090600000, 0x0000000090700000|  0%| F|  |TAMS 0x0000000090600000, 0x0000000090600000| Untracked 
| 107|0x0000000090700000, 0x0000000090700000, 0x0000000090800000|  0%| F|  |TAMS 0x0000000090700000, 0x0000000090700000| Untracked 
| 108|0x0000000090800000, 0x0000000090800000, 0x0000000090900000|  0%| F|  |TAMS 0x0000000090800000, 0x0000000090800000| Untracked 
| 109|0x0000000090900000, 0x0000000090900000, 0x0000000090a00000|  0%| F|  |TAMS 0x0000000090900000, 0x0000000090900000| Untracked 
| 110|0x0000000090a00000, 0x0000000090b00000, 0x0000000090b00000|100%| S|CS|TAMS 0x0000000090a00000, 0x0000000090a00000| Complete 
| 111|0x0000000090b00000, 0x0000000090c00000, 0x0000000090c00000|100%| S|CS|TAMS 0x0000000090b00000, 0x0000000090b00000| Complete 
| 112|0x0000000090c00000, 0x0000000090d00000, 0x0000000090d00000|100%| S|CS|TAMS 0x0000000090c00000, 0x0000000090c00000| Complete 
| 113|0x0000000090d00000, 0x0000000090e00000, 0x0000000090e00000|100%| S|CS|TAMS 0x0000000090d00000, 0x0000000090d00000| Complete 
| 114|0x0000000090e00000, 0x0000000090f00000, 0x0000000090f00000|100%| S|CS|TAMS 0x0000000090e00000, 0x0000000090e00000| Complete 
| 115|0x0000000090f00000, 0x0000000091000000, 0x0000000091000000|100%| S|CS|TAMS 0x0000000090f00000, 0x0000000090f00000| Complete 
| 116|0x0000000091000000, 0x0000000091000000, 0x0000000091100000|  0%| F|  |TAMS 0x0000000091000000, 0x0000000091000000| Untracked 
| 117|0x0000000091100000, 0x0000000091100000, 0x0000000091200000|  0%| F|  |TAMS 0x0000000091100000, 0x0000000091100000| Untracked 
| 118|0x0000000091200000, 0x0000000091200000, 0x0000000091300000|  0%| F|  |TAMS 0x0000000091200000, 0x0000000091200000| Untracked 
| 119|0x0000000091300000, 0x0000000091300000, 0x0000000091400000|  0%| F|  |TAMS 0x0000000091300000, 0x0000000091300000| Untracked 
| 120|0x0000000091400000, 0x0000000091400000, 0x0000000091500000|  0%| F|  |TAMS 0x0000000091400000, 0x0000000091400000| Untracked 
| 121|0x0000000091500000, 0x0000000091500000, 0x0000000091600000|  0%| F|  |TAMS 0x0000000091500000, 0x0000000091500000| Untracked 
| 122|0x0000000091600000, 0x0000000091600000, 0x0000000091700000|  0%| F|  |TAMS 0x0000000091600000, 0x0000000091600000| Untracked 
| 123|0x0000000091700000, 0x0000000091700000, 0x0000000091800000|  0%| F|  |TAMS 0x0000000091700000, 0x0000000091700000| Untracked 
| 124|0x0000000091800000, 0x0000000091800000, 0x0000000091900000|  0%| F|  |TAMS 0x0000000091800000, 0x0000000091800000| Untracked 
| 125|0x0000000091900000, 0x0000000091900000, 0x0000000091a00000|  0%| F|  |TAMS 0x0000000091900000, 0x0000000091900000| Untracked 
| 126|0x0000000091a00000, 0x0000000091a00000, 0x0000000091b00000|  0%| F|  |TAMS 0x0000000091a00000, 0x0000000091a00000| Untracked 
| 127|0x0000000091b00000, 0x0000000091b00000, 0x0000000091c00000|  0%| F|  |TAMS 0x0000000091b00000, 0x0000000091b00000| Untracked 
| 128|0x0000000091c00000, 0x0000000091c00000, 0x0000000091d00000|  0%| F|  |TAMS 0x0000000091c00000, 0x0000000091c00000| Untracked 
| 129|0x0000000091d00000, 0x0000000091d00000, 0x0000000091e00000|  0%| F|  |TAMS 0x0000000091d00000, 0x0000000091d00000| Untracked 
| 130|0x0000000091e00000, 0x0000000091e00000, 0x0000000091f00000|  0%| F|  |TAMS 0x0000000091e00000, 0x0000000091e00000| Untracked 
| 131|0x0000000091f00000, 0x0000000091f00000, 0x0000000092000000|  0%| F|  |TAMS 0x0000000091f00000, 0x0000000091f00000| Untracked 
| 132|0x0000000092000000, 0x0000000092000000, 0x0000000092100000|  0%| F|  |TAMS 0x0000000092000000, 0x0000000092000000| Untracked 
| 133|0x0000000092100000, 0x0000000092100000, 0x0000000092200000|  0%| F|  |TAMS 0x0000000092100000, 0x0000000092100000| Untracked 
| 134|0x0000000092200000, 0x0000000092200000, 0x0000000092300000|  0%| F|  |TAMS 0x0000000092200000, 0x0000000092200000| Untracked 
| 135|0x0000000092300000, 0x0000000092300000, 0x0000000092400000|  0%| F|  |TAMS 0x0000000092300000, 0x0000000092300000| Untracked 
| 136|0x0000000092400000, 0x0000000092400000, 0x0000000092500000|  0%| F|  |TAMS 0x0000000092400000, 0x0000000092400000| Untracked 
| 137|0x0000000092500000, 0x0000000092500000, 0x0000000092600000|  0%| F|  |TAMS 0x0000000092500000, 0x0000000092500000| Untracked 
| 138|0x0000000092600000, 0x0000000092600000, 0x0000000092700000|  0%| F|  |TAMS 0x0000000092600000, 0x0000000092600000| Untracked 
| 139|0x0000000092700000, 0x0000000092700000, 0x0000000092800000|  0%| F|  |TAMS 0x0000000092700000, 0x0000000092700000| Untracked 
| 140|0x0000000092800000, 0x0000000092800000, 0x0000000092900000|  0%| F|  |TAMS 0x0000000092800000, 0x0000000092800000| Untracked 
| 141|0x0000000092900000, 0x0000000092900000, 0x0000000092a00000|  0%| F|  |TAMS 0x0000000092900000, 0x0000000092900000| Untracked 
| 142|0x0000000092a00000, 0x0000000092a00000, 0x0000000092b00000|  0%| F|  |TAMS 0x0000000092a00000, 0x0000000092a00000| Untracked 
| 143|0x0000000092b00000, 0x0000000092b00000, 0x0000000092c00000|  0%| F|  |TAMS 0x0000000092b00000, 0x0000000092b00000| Untracked 
| 144|0x0000000092c00000, 0x0000000092c00000, 0x0000000092d00000|  0%| F|  |TAMS 0x0000000092c00000, 0x0000000092c00000| Untracked 
| 145|0x0000000092d00000, 0x0000000092d00000, 0x0000000092e00000|  0%| F|  |TAMS 0x0000000092d00000, 0x0000000092d00000| Untracked 
| 146|0x0000000092e00000, 0x0000000092e00000, 0x0000000092f00000|  0%| F|  |TAMS 0x0000000092e00000, 0x0000000092e00000| Untracked 
| 147|0x0000000092f00000, 0x0000000092f00000, 0x0000000093000000|  0%| F|  |TAMS 0x0000000092f00000, 0x0000000092f00000| Untracked 
| 148|0x0000000093000000, 0x0000000093000000, 0x0000000093100000|  0%| F|  |TAMS 0x0000000093000000, 0x0000000093000000| Untracked 
| 149|0x0000000093100000, 0x0000000093100000, 0x0000000093200000|  0%| F|  |TAMS 0x0000000093100000, 0x0000000093100000| Untracked 
| 150|0x0000000093200000, 0x0000000093200000, 0x0000000093300000|  0%| F|  |TAMS 0x0000000093200000, 0x0000000093200000| Untracked 
| 151|0x0000000093300000, 0x0000000093300000, 0x0000000093400000|  0%| F|  |TAMS 0x0000000093300000, 0x0000000093300000| Untracked 
| 152|0x0000000093400000, 0x0000000093400000, 0x0000000093500000|  0%| F|  |TAMS 0x0000000093400000, 0x0000000093400000| Untracked 
| 153|0x0000000093500000, 0x0000000093500000, 0x0000000093600000|  0%| F|  |TAMS 0x0000000093500000, 0x0000000093500000| Untracked 
| 154|0x0000000093600000, 0x0000000093600000, 0x0000000093700000|  0%| F|  |TAMS 0x0000000093600000, 0x0000000093600000| Untracked 
| 155|0x0000000093700000, 0x0000000093700000, 0x0000000093800000|  0%| F|  |TAMS 0x0000000093700000, 0x0000000093700000| Untracked 
| 156|0x0000000093800000, 0x0000000093800000, 0x0000000093900000|  0%| F|  |TAMS 0x0000000093800000, 0x0000000093800000| Untracked 
| 157|0x0000000093900000, 0x0000000093900000, 0x0000000093a00000|  0%| F|  |TAMS 0x0000000093900000, 0x0000000093900000| Untracked 
| 158|0x0000000093a00000, 0x0000000093a00000, 0x0000000093b00000|  0%| F|  |TAMS 0x0000000093a00000, 0x0000000093a00000| Untracked 
| 159|0x0000000093b00000, 0x0000000093b00000, 0x0000000093c00000|  0%| F|  |TAMS 0x0000000093b00000, 0x0000000093b00000| Untracked 
| 160|0x0000000093c00000, 0x0000000093c00000, 0x0000000093d00000|  0%| F|  |TAMS 0x0000000093c00000, 0x0000000093c00000| Untracked 
| 161|0x0000000093d00000, 0x0000000093d00000, 0x0000000093e00000|  0%| F|  |TAMS 0x0000000093d00000, 0x0000000093d00000| Untracked 
| 162|0x0000000093e00000, 0x0000000093e00000, 0x0000000093f00000|  0%| F|  |TAMS 0x0000000093e00000, 0x0000000093e00000| Untracked 
| 163|0x0000000093f00000, 0x0000000093f00000, 0x0000000094000000|  0%| F|  |TAMS 0x0000000093f00000, 0x0000000093f00000| Untracked 
| 164|0x0000000094000000, 0x0000000094000000, 0x0000000094100000|  0%| F|  |TAMS 0x0000000094000000, 0x0000000094000000| Untracked 
| 165|0x0000000094100000, 0x0000000094100000, 0x0000000094200000|  0%| F|  |TAMS 0x0000000094100000, 0x0000000094100000| Untracked 
| 166|0x0000000094200000, 0x0000000094200000, 0x0000000094300000|  0%| F|  |TAMS 0x0000000094200000, 0x0000000094200000| Untracked 
| 167|0x0000000094300000, 0x0000000094300000, 0x0000000094400000|  0%| F|  |TAMS 0x0000000094300000, 0x0000000094300000| Untracked 
| 168|0x0000000094400000, 0x0000000094400000, 0x0000000094500000|  0%| F|  |TAMS 0x0000000094400000, 0x0000000094400000| Untracked 
| 169|0x0000000094500000, 0x0000000094500000, 0x0000000094600000|  0%| F|  |TAMS 0x0000000094500000, 0x0000000094500000| Untracked 
| 170|0x0000000094600000, 0x0000000094600000, 0x0000000094700000|  0%| F|  |TAMS 0x0000000094600000, 0x0000000094600000| Untracked 
| 171|0x0000000094700000, 0x0000000094700000, 0x0000000094800000|  0%| F|  |TAMS 0x0000000094700000, 0x0000000094700000| Untracked 
| 172|0x0000000094800000, 0x0000000094800000, 0x0000000094900000|  0%| F|  |TAMS 0x0000000094800000, 0x0000000094800000| Untracked 
| 173|0x0000000094900000, 0x0000000094900000, 0x0000000094a00000|  0%| F|  |TAMS 0x0000000094900000, 0x0000000094900000| Untracked 
| 174|0x0000000094a00000, 0x0000000094a00000, 0x0000000094b00000|  0%| F|  |TAMS 0x0000000094a00000, 0x0000000094a00000| Untracked 
| 175|0x0000000094b00000, 0x0000000094b00000, 0x0000000094c00000|  0%| F|  |TAMS 0x0000000094b00000, 0x0000000094b00000| Untracked 
| 176|0x0000000094c00000, 0x0000000094c00000, 0x0000000094d00000|  0%| F|  |TAMS 0x0000000094c00000, 0x0000000094c00000| Untracked 
| 177|0x0000000094d00000, 0x0000000094d00000, 0x0000000094e00000|  0%| F|  |TAMS 0x0000000094d00000, 0x0000000094d00000| Untracked 
| 178|0x0000000094e00000, 0x0000000094e00000, 0x0000000094f00000|  0%| F|  |TAMS 0x0000000094e00000, 0x0000000094e00000| Untracked 
| 179|0x0000000094f00000, 0x0000000094f00000, 0x0000000095000000|  0%| F|  |TAMS 0x0000000094f00000, 0x0000000094f00000| Untracked 
| 198|0x0000000096200000, 0x0000000096200000, 0x0000000096300000|  0%| F|  |TAMS 0x0000000096200000, 0x0000000096200000| Untracked 
| 199|0x0000000096300000, 0x0000000096400000, 0x0000000096400000|100%| E|  |TAMS 0x0000000096300000, 0x0000000096300000| Complete 
| 200|0x0000000096400000, 0x0000000096500000, 0x0000000096500000|100%| E|CS|TAMS 0x0000000096400000, 0x0000000096400000| Complete 
|1891|0x00000000fff00000, 0x0000000100000000, 0x0000000100000000|100%| O|  |TAMS 0x0000000100000000, 0x00000000fff00000| Untracked 

Card table byte_map: [0x000001ed23ba0000,0x000001ed23f60000] _byte_map_base: 0x000001ed23752000

Marking Bits (Prev, Next): (CMBitMap*) 0x000001ed11253190, (CMBitMap*) 0x000001ed112531d0
 Prev Bits: [0x000001ed24320000, 0x000001ed260b0000)
 Next Bits: [0x000001ed260b0000, 0x000001ed27e40000)

Polling page: 0x000001ed109b0000

Metaspace:

Usage:
  Non-class:     68.34 MB used.
      Class:      8.71 MB used.
       Both:     77.05 MB used.

Virtual space:
  Non-class space:      128.00 MB reserved,      68.56 MB ( 54%) committed,  2 nodes.
      Class space:        1.00 GB reserved,       8.88 MB ( <1%) committed,  1 nodes.
             Both:        1.12 GB reserved,      77.44 MB (  7%) committed. 

Chunk freelists:
   Non-Class:  11.41 MB
       Class:  7.06 MB
        Both:  18.47 MB

MaxMetaspaceSize: unlimited
CompressedClassSpaceSize: 1.00 GB
Initial GC threshold: 21.00 MB
Current GC threshold: 93.88 MB
CDS: off
MetaspaceReclaimPolicy: balanced
 - commit_granule_bytes: 65536.
 - commit_granule_words: 8192.
 - virtual_space_node_default_size: 8388608.
 - enlarge_chunks_in_place: 1.
 - new_chunks_are_fully_committed: 0.
 - uncommit_free_chunks: 1.
 - use_allocation_guard: 0.
 - handle_deallocations: 1.


Internal statistics:

num_allocs_failed_limit: 6.
num_arena_births: 414.
num_arena_deaths: 0.
num_vsnodes_births: 3.
num_vsnodes_deaths: 0.
num_space_committed: 1237.
num_space_uncommitted: 0.
num_chunks_returned_to_freelist: 6.
num_chunks_taken_from_freelist: 2920.
num_chunk_merges: 6.
num_chunk_splits: 2398.
num_chunks_enlarged: 2109.
num_inconsistent_stats: 0.

CodeHeap 'non-profiled nmethods': size=120000Kb used=4389Kb max_used=4389Kb free=115610Kb
 bounds [0x000001ed1c1a0000, 0x000001ed1c5f0000, 0x000001ed236d0000]
CodeHeap 'profiled nmethods': size=120000Kb used=25754Kb max_used=25754Kb free=94245Kb
 bounds [0x000001ed146d0000, 0x000001ed16010000, 0x000001ed1bc00000]
CodeHeap 'non-nmethods': size=5760Kb used=1399Kb max_used=1448Kb free=4361Kb
 bounds [0x000001ed1bc00000, 0x000001ed1be70000, 0x000001ed1c1a0000]
 total_blobs=10289 nmethods=9561 adapters=636
 compilation: enabled
              stopped_count=0, restarted_count=0
 full_count=0

Compilation events (20 events):
Event: 9.701 Thread 0x000001ed2f24e380 10848       4       org.jetbrains.kotlin.ir.visitors.IrElementVisitor$DefaultImpls::visitCall (18 bytes)
Event: 9.702 Thread 0x000001ed2f24e380 nmethod 10848 0x000001ed1c5e7a90 code [0x000001ed1c5e7c00, 0x000001ed1c5e7c98]
Event: 9.702 Thread 0x000001ed2f24e380 10834       4       org.jetbrains.kotlin.ir.visitors.IrElementVisitor$DefaultImpls::visitFunction (18 bytes)
Event: 9.702 Thread 0x000001ed2f24e380 nmethod 10834 0x000001ed1c5e7d90 code [0x000001ed1c5e7f00, 0x000001ed1c5e7f98]
Event: 9.702 Thread 0x000001ed2f24e380 10870       4       org.jetbrains.kotlin.backend.jvm.ir.IrInlineReferenceLocator::visitDeclaration (13 bytes)
Event: 9.703 Thread 0x000001ed2f24e380 nmethod 10870 0x000001ed1c5e8090 code [0x000001ed1c5e8220, 0x000001ed1c5e83b8]
Event: 9.703 Thread 0x000001ed2f24e380 10910       4       java.lang.Integer::hashCode (2 bytes)
Event: 9.704 Thread 0x000001ed2f24e380 nmethod 10910 0x000001ed1c5e8510 code [0x000001ed1c5e8680, 0x000001ed1c5e86d8]
Event: 9.704 Thread 0x000001ed2f24e380 10898       4       org.jetbrains.kotlin.ir.builders.Scope::<init> (16 bytes)
Event: 9.705 Thread 0x000001ed2f24e380 nmethod 10898 0x000001ed1c5e8810 code [0x000001ed1c5e8980, 0x000001ed1c5e8ad8]
Event: 9.730 Thread 0x000001ed2f24e380 10964       4       jdk.internal.loader.ClassLoaders$AppClassLoader::defineOrCheckPackage (8 bytes)
Event: 9.746 Thread 0x000001ed2a8502a0 10967       1       org.jetbrains.org.objectweb.asm.tree.AbstractInsnNode::getOpcode (5 bytes)
Event: 9.746 Thread 0x000001ed2a8502a0 nmethod 10967 0x000001ed1c5e8b90 code [0x000001ed1c5e8d20, 0x000001ed1c5e8df8]
Event: 9.756 Thread 0x000001ed2a8502a0 10968       1       org.jetbrains.org.objectweb.asm.tree.AbstractInsnNode::getNext (5 bytes)
Event: 9.756 Thread 0x000001ed2a8502a0 nmethod 10968 0x000001ed1c5e8e90 code [0x000001ed1c5e9020, 0x000001ed1c5e90f8]
Event: 9.784 Thread 0x000001ed2a8502a0 10969       3       jdk.internal.org.objectweb.asm.ClassReader::readShort (27 bytes)
Event: 9.784 Thread 0x000001ed2a8502a0 nmethod 10969 0x000001ed15a49210 code [0x000001ed15a493a0, 0x000001ed15a49518]
Event: 9.786 Thread 0x000001ed2a8502a0 10970       3       org.jetbrains.kotlin.ir.descriptors.IrBasedSimpleFunctionDescriptor::getName (11 bytes)
Event: 9.786 Thread 0x000001ed2a8502a0 nmethod 10970 0x000001ed14c6d910 code [0x000001ed14c6dac0, 0x000001ed14c6dd88]
Event: 9.786 Thread 0x000001ed2a8502a0 10972       3       org.jetbrains.kotlin.backend.jvm.mapping.MethodSignatureMapper::forceFoxedReturnTypeOnOverride (132 bytes)

GC Heap History (20 events):
Event: 4.112 GC heap before
{Heap before GC invocations=17 (full 0):
 garbage-first heap   total 69632K, used 55161K [0x0000000089c00000, 0x0000000100000000)
  region size 1024K, 19 young (19456K), 3 survivors (3072K)
 Metaspace       used 53893K, committed 54144K, reserved 1114112K
  class space    used 6410K, committed 6528K, reserved 1048576K
}
Event: 4.121 GC heap after
{Heap after GC invocations=18 (full 0):
 garbage-first heap   total 87040K, used 41401K [0x0000000089c00000, 0x0000000100000000)
  region size 1024K, 3 young (3072K), 3 survivors (3072K)
 Metaspace       used 53893K, committed 54144K, reserved 1114112K
  class space    used 6410K, committed 6528K, reserved 1048576K
}
Event: 4.413 GC heap before
{Heap before GC invocations=19 (full 0):
 garbage-first heap   total 87040K, used 64953K [0x0000000089c00000, 0x0000000100000000)
  region size 1024K, 27 young (27648K), 3 survivors (3072K)
 Metaspace       used 54936K, committed 55168K, reserved 1114112K
  class space    used 6520K, committed 6592K, reserved 1048576K
}
Event: 4.424 GC heap after
{Heap after GC invocations=20 (full 0):
 garbage-first heap   total 87040K, used 45326K [0x0000000089c00000, 0x0000000100000000)
  region size 1024K, 4 young (4096K), 4 survivors (4096K)
 Metaspace       used 54936K, committed 55168K, reserved 1114112K
  class space    used 6520K, committed 6592K, reserved 1048576K
}
Event: 4.427 GC heap before
{Heap before GC invocations=20 (full 0):
 garbage-first heap   total 87040K, used 46350K [0x0000000089c00000, 0x0000000100000000)
  region size 1024K, 5 young (5120K), 4 survivors (4096K)
 Metaspace       used 54940K, committed 55168K, reserved 1114112K
  class space    used 6520K, committed 6592K, reserved 1048576K
}
Event: 4.432 GC heap after
{Heap after GC invocations=21 (full 0):
 garbage-first heap   total 87040K, used 44904K [0x0000000089c00000, 0x0000000100000000)
  region size 1024K, 1 young (1024K), 1 survivors (1024K)
 Metaspace       used 54940K, committed 55168K, reserved 1114112K
  class space    used 6520K, committed 6592K, reserved 1048576K
}
Event: 4.766 GC heap before
{Heap before GC invocations=21 (full 0):
 garbage-first heap   total 87040K, used 66408K [0x0000000089c00000, 0x0000000100000000)
  region size 1024K, 22 young (22528K), 1 survivors (1024K)
 Metaspace       used 56309K, committed 56576K, reserved 1114112K
  class space    used 6678K, committed 6784K, reserved 1048576K
}
Event: 4.771 GC heap after
{Heap after GC invocations=22 (full 0):
 garbage-first heap   total 87040K, used 46266K [0x0000000089c00000, 0x0000000100000000)
  region size 1024K, 2 young (2048K), 2 survivors (2048K)
 Metaspace       used 56309K, committed 56576K, reserved 1114112K
  class space    used 6678K, committed 6784K, reserved 1048576K
}
Event: 5.340 GC heap before
{Heap before GC invocations=23 (full 0):
 garbage-first heap   total 87040K, used 67770K [0x0000000089c00000, 0x0000000100000000)
  region size 1024K, 23 young (23552K), 2 survivors (2048K)
 Metaspace       used 57316K, committed 57600K, reserved 1114112K
  class space    used 6742K, committed 6848K, reserved 1048576K
}
Event: 5.348 GC heap after
{Heap after GC invocations=24 (full 0):
 garbage-first heap   total 87040K, used 49470K [0x0000000089c00000, 0x0000000100000000)
  region size 1024K, 3 young (3072K), 3 survivors (3072K)
 Metaspace       used 57316K, committed 57600K, reserved 1114112K
  class space    used 6742K, committed 6848K, reserved 1048576K
}
Event: 5.398 GC heap before
{Heap before GC invocations=24 (full 0):
 garbage-first heap   total 87040K, used 50494K [0x0000000089c00000, 0x0000000100000000)
  region size 1024K, 4 young (4096K), 3 survivors (3072K)
 Metaspace       used 57419K, committed 57664K, reserved 1114112K
  class space    used 6748K, committed 6848K, reserved 1048576K
}
Event: 5.405 GC heap after
{Heap after GC invocations=25 (full 0):
 garbage-first heap   total 87040K, used 49503K [0x0000000089c00000, 0x0000000100000000)
  region size 1024K, 1 young (1024K), 1 survivors (1024K)
 Metaspace       used 57419K, committed 57664K, reserved 1114112K
  class space    used 6748K, committed 6848K, reserved 1048576K
}
Event: 5.540 GC heap before
{Heap before GC invocations=25 (full 0):
 garbage-first heap   total 87040K, used 71007K [0x0000000089c00000, 0x0000000100000000)
  region size 1024K, 20 young (20480K), 1 survivors (1024K)
 Metaspace       used 57426K, committed 57664K, reserved 1114112K
  class space    used 6748K, committed 6848K, reserved 1048576K
}
Event: 5.545 GC heap after
{Heap after GC invocations=26 (full 0):
 garbage-first heap   total 206848K, used 52962K [0x0000000089c00000, 0x0000000100000000)
  region size 1024K, 2 young (2048K), 2 survivors (2048K)
 Metaspace       used 57426K, committed 57664K, reserved 1114112K
  class space    used 6748K, committed 6848K, reserved 1048576K
}
Event: 6.365 GC heap before
{Heap before GC invocations=27 (full 0):
 garbage-first heap   total 188416K, used 144098K [0x0000000089c00000, 0x0000000100000000)
  region size 1024K, 91 young (93184K), 2 survivors (2048K)
 Metaspace       used 57897K, committed 58176K, reserved 1114112K
  class space    used 6787K, committed 6912K, reserved 1048576K
}
Event: 6.378 GC heap after
{Heap after GC invocations=28 (full 0):
 garbage-first heap   total 188416K, used 62801K [0x0000000089c00000, 0x0000000100000000)
  region size 1024K, 12 young (12288K), 12 survivors (12288K)
 Metaspace       used 57897K, committed 58176K, reserved 1114112K
  class space    used 6787K, committed 6912K, reserved 1048576K
}
Event: 6.439 GC heap before
{Heap before GC invocations=28 (full 0):
 garbage-first heap   total 188416K, used 62801K [0x0000000089c00000, 0x0000000100000000)
  region size 1024K, 13 young (13312K), 12 survivors (12288K)
 Metaspace       used 57983K, committed 58240K, reserved 1114112K
  class space    used 6790K, committed 6912K, reserved 1048576K
}
Event: 6.447 GC heap after
{Heap after GC invocations=29 (full 0):
 garbage-first heap   total 188416K, used 64107K [0x0000000089c00000, 0x0000000100000000)
  region size 1024K, 2 young (2048K), 2 survivors (2048K)
 Metaspace       used 57983K, committed 58240K, reserved 1114112K
  class space    used 6790K, committed 6912K, reserved 1048576K
}
Event: 8.009 GC heap before
{Heap before GC invocations=29 (full 0):
 garbage-first heap   total 188416K, used 136811K [0x0000000089c00000, 0x0000000100000000)
  region size 1024K, 73 young (74752K), 2 survivors (2048K)
 Metaspace       used 67028K, committed 67328K, reserved 1114112K
  class space    used 7726K, committed 7872K, reserved 1048576K
}
Event: 8.019 GC heap after
{Heap after GC invocations=30 (full 0):
 garbage-first heap   total 188416K, used 72022K [0x0000000089c00000, 0x0000000100000000)
  region size 1024K, 10 young (10240K), 10 survivors (10240K)
 Metaspace       used 67028K, committed 67328K, reserved 1114112K
  class space    used 7726K, committed 7872K, reserved 1048576K
}

Dll operation events (2 events):
Event: 0.008 Loaded shared library C:\Program Files\Android\Android Studio\jbr\bin\java.dll
Event: 1.367 Loaded shared library C:\Program Files\Android\Android Studio\jbr\bin\verify.dll

Deoptimization events (20 events):
Event: 9.714 Thread 0x000001ed111fa250 Uncommon trap: trap_request=0xffffff45 fr.pc=0x000001ed1c591bac relative=0x000000000000028c
Event: 9.714 Thread 0x000001ed111fa250 Uncommon trap: reason=unstable_if action=reinterpret pc=0x000001ed1c591bac method=java.util.LinkedList$ListItr.<init>(Ljava/util/LinkedList;I)V @ 26 c2
Event: 9.714 Thread 0x000001ed111fa250 DEOPT PACKING pc=0x000001ed1c591bac sp=0x000000ab750fd870
Event: 9.714 Thread 0x000001ed111fa250 DEOPT UNPACKING pc=0x000001ed1bc569a3 sp=0x000000ab750fd830 mode 2
Event: 9.777 Thread 0x000001ed111fa250 Uncommon trap: trap_request=0xffffffc6 fr.pc=0x000001ed1c404920 relative=0x0000000000000720
Event: 9.777 Thread 0x000001ed111fa250 Uncommon trap: reason=bimorphic_or_optimized_type_check action=maybe_recompile pc=0x000001ed1c404920 method=gnu.trove.TObjectHash.index(Ljava/lang/Object;)I @ 22 c2
Event: 9.777 Thread 0x000001ed111fa250 DEOPT PACKING pc=0x000001ed1c404920 sp=0x000000ab750fd210
Event: 9.777 Thread 0x000001ed111fa250 DEOPT UNPACKING pc=0x000001ed1bc569a3 sp=0x000000ab750fd188 mode 2
Event: 9.777 Thread 0x000001ed111fa250 Uncommon trap: trap_request=0xffffffc6 fr.pc=0x000001ed1c404920 relative=0x0000000000000720
Event: 9.777 Thread 0x000001ed111fa250 Uncommon trap: reason=bimorphic_or_optimized_type_check action=maybe_recompile pc=0x000001ed1c404920 method=gnu.trove.TObjectHash.index(Ljava/lang/Object;)I @ 22 c2
Event: 9.777 Thread 0x000001ed111fa250 DEOPT PACKING pc=0x000001ed1c404920 sp=0x000000ab750fd1e0
Event: 9.777 Thread 0x000001ed111fa250 DEOPT UNPACKING pc=0x000001ed1bc569a3 sp=0x000000ab750fd168 mode 2
Event: 9.777 Thread 0x000001ed111fa250 Uncommon trap: trap_request=0xffffffc6 fr.pc=0x000001ed1c404920 relative=0x0000000000000720
Event: 9.777 Thread 0x000001ed111fa250 Uncommon trap: reason=bimorphic_or_optimized_type_check action=maybe_recompile pc=0x000001ed1c404920 method=gnu.trove.TObjectHash.index(Ljava/lang/Object;)I @ 22 c2
Event: 9.777 Thread 0x000001ed111fa250 DEOPT PACKING pc=0x000001ed1c404920 sp=0x000000ab750fd160
Event: 9.777 Thread 0x000001ed111fa250 DEOPT UNPACKING pc=0x000001ed1bc569a3 sp=0x000000ab750fd0d8 mode 2
Event: 9.777 Thread 0x000001ed111fa250 Uncommon trap: trap_request=0xffffffc6 fr.pc=0x000001ed1c404920 relative=0x0000000000000720
Event: 9.777 Thread 0x000001ed111fa250 Uncommon trap: reason=bimorphic_or_optimized_type_check action=maybe_recompile pc=0x000001ed1c404920 method=gnu.trove.TObjectHash.index(Ljava/lang/Object;)I @ 22 c2
Event: 9.777 Thread 0x000001ed111fa250 DEOPT PACKING pc=0x000001ed1c404920 sp=0x000000ab750fd130
Event: 9.777 Thread 0x000001ed111fa250 DEOPT UNPACKING pc=0x000001ed1bc569a3 sp=0x000000ab750fd0b8 mode 2

Classes unloaded (0 events):
No events

Classes redefined (0 events):
No events

Internal exceptions (20 events):
Event: 4.203 Thread 0x000001ed111fa250 Implicit null exception at 0x000001ed1c38896a to 0x000001ed1c388b80
Event: 4.207 Thread 0x000001ed111fa250 Implicit null exception at 0x000001ed1c1f828e to 0x000001ed1c1f84e4
Event: 4.375 Thread 0x000001ed111fa250 Implicit null exception at 0x000001ed1c2b2309 to 0x000001ed1c2b23f0
Event: 4.375 Thread 0x000001ed111fa250 Implicit null exception at 0x000001ed1c205a58 to 0x000001ed1c205aea
Event: 4.562 Thread 0x000001ed111fa250 Implicit null exception at 0x000001ed1c38ba34 to 0x000001ed1c38babd
Event: 4.639 Thread 0x000001ed111fa250 Exception <a 'java/lang/NoSuchMethodError'{0x000000008dc48f70}: 'java.lang.Object java.lang.invoke.DirectMethodHandle$Holder.invokeInterface(java.lang.Object, java.lang.Object, java.lang.Object)'> (0x000000008dc48f70) 
thrown [s\src\hotspot\share\interpreter\linkResolver.cpp, line 771]
Event: 4.639 Thread 0x000001ed111fa250 Exception <a 'java/lang/IncompatibleClassChangeError'{0x000000008dc4cb88}: Found class java.lang.Object, but interface was expected> (0x000000008dc4cb88) 
thrown [s\src\hotspot\share\interpreter\linkResolver.cpp, line 838]
Event: 4.839 Thread 0x000001ed111fa250 Exception <a 'java/lang/NoSuchMethodError'{0x0000000090eaaac8}: 'java.lang.Object java.lang.invoke.DirectMethodHandle$Holder.newInvokeSpecial(java.lang.Object, java.lang.Object, java.lang.Object, java.lang.Object, java.lang.Object, java.lang.Object, java.lang.Object)'> (0x0000000090eaaac8) 
thrown [s\src\hotspot\share\interpreter\linkResolver.cpp, line 771]
Event: 4.839 Thread 0x000001ed111fa250 Exception <a 'java/lang/NoSuchMethodError'{0x0000000090eaf928}: 'java.lang.Object java.lang.invoke.Invokers$Holder.linkToTargetMethod(java.lang.Object, java.lang.Object, java.lang.Object, java.lang.Object, java.lang.Object, java.lang.Object, java.lang.Object)'> (0x0000000090eaf928) 
thrown [s\src\hotspot\share\interpreter\linkResolver.cpp, line 771]
Event: 6.272 Thread 0x000001ed111fa250 Exception <a 'java/lang/NoSuchMethodError'{0x000000008fc97788}: 'java.lang.Object java.lang.invoke.DirectMethodHandle$Holder.newInvokeSpecial(java.lang.Object, int, java.lang.Object)'> (0x000000008fc97788) 
thrown [s\src\hotspot\share\interpreter\linkResolver.cpp, line 771]
Event: 6.273 Thread 0x000001ed111fa250 Exception <a 'java/lang/NoSuchMethodError'{0x000000008fca1488}: 'int java.lang.invoke.DirectMethodHandle$Holder.invokeInterface(java.lang.Object, java.lang.Object)'> (0x000000008fca1488) 
thrown [s\src\hotspot\share\interpreter\linkResolver.cpp, line 771]
Event: 6.636 Thread 0x000001ed111fa250 Implicit null exception at 0x000001ed1c23c411 to 0x000001ed1c23c684
Event: 7.029 Thread 0x000001ed111fa250 Exception <a 'java/lang/NoSuchMethodError'{0x0000000093a92210}: 'java.lang.Object java.lang.invoke.DirectMethodHandle$Holder.newInvokeSpecial(java.lang.Object, java.lang.Object, java.lang.Object, int, int)'> (0x0000000093a92210) 
thrown [s\src\hotspot\share\interpreter\linkResolver.cpp, line 771]
Event: 7.029 Thread 0x000001ed111fa250 Exception <a 'java/lang/NoSuchMethodError'{0x0000000093a96050}: 'java.lang.Object java.lang.invoke.DirectMethodHandle$Holder.invokeSpecial(java.lang.Object, java.lang.Object, java.lang.Object, java.lang.Object, int, int)'> (0x0000000093a96050) 
thrown [s\src\hotspot\share\interpreter\linkResolver.cpp, line 771]
Event: 7.203 Thread 0x000001ed111fa250 Exception <a 'java/lang/NoSuchMethodError'{0x0000000093363e50}: 'java.lang.Object java.lang.invoke.DirectMethodHandle$Holder.invokeSpecial(java.lang.Object, java.lang.Object, int, int, java.lang.Object, java.lang.Object, java.lang.Object, java.lang.Object, java.lang.Object)'> (0x0000000093363e50) 
thrown [s\src\hotspot\share\interpreter\linkResolver.cpp, line 771]
Event: 7.290 Thread 0x000001ed111fa250 Exception <a 'java/lang/NoSuchMethodError'{0x0000000092f0efb0}: 'java.lang.Object java.lang.invoke.DirectMethodHandle$Holder.invokeStatic(java.lang.Object, int, java.lang.Object)'> (0x0000000092f0efb0) 
thrown [s\src\hotspot\share\interpreter\linkResolver.cpp, line 771]
Event: 7.296 Thread 0x000001ed111fa250 Exception <a 'java/lang/NoSuchMethodError'{0x0000000092f36798}: 'java.lang.Object java.lang.invoke.DirectMethodHandle$Holder.newInvokeSpecial(java.lang.Object, int, java.lang.Object, java.lang.Object)'> (0x0000000092f36798) 
thrown [s\src\hotspot\share\interpreter\linkResolver.cpp, line 771]
Event: 8.148 Thread 0x000001ed111fa250 Implicit null exception at 0x000001ed1c20cf90 to 0x000001ed1c20d248
Event: 9.149 Thread 0x000001ed111fa250 Implicit null exception at 0x000001ed1c593152 to 0x000001ed1c5931f5
Event: 9.575 Thread 0x000001ed111fa250 Implicit null exception at 0x000001ed1c5b3335 to 0x000001ed1c5b3552

VM Operations (20 events):
Event: 9.240 Executing VM operation: ICBufferFull
Event: 9.240 Executing VM operation: ICBufferFull done
Event: 9.407 Executing VM operation: ICBufferFull
Event: 9.407 Executing VM operation: ICBufferFull done
Event: 9.460 Executing VM operation: HandshakeAllThreads
Event: 9.460 Executing VM operation: HandshakeAllThreads done
Event: 9.543 Executing VM operation: ICBufferFull
Event: 9.543 Executing VM operation: ICBufferFull done
Event: 9.571 Executing VM operation: HandshakeAllThreads
Event: 9.571 Executing VM operation: HandshakeAllThreads done
Event: 9.599 Executing VM operation: ICBufferFull
Event: 9.599 Executing VM operation: ICBufferFull done
Event: 9.655 Executing VM operation: HandshakeAllThreads
Event: 9.656 Executing VM operation: HandshakeAllThreads done
Event: 9.678 Executing VM operation: HandshakeAllThreads
Event: 9.678 Executing VM operation: HandshakeAllThreads done
Event: 9.680 Executing VM operation: HandshakeAllThreads
Event: 9.680 Executing VM operation: HandshakeAllThreads done
Event: 9.736 Executing VM operation: HandshakeAllThreads
Event: 9.736 Executing VM operation: HandshakeAllThreads done

Events (20 events):
Event: 8.972 loading class java/lang/constant/DirectMethodHandleDescImpl
Event: 8.973 loading class java/lang/constant/DirectMethodHandleDesc
Event: 8.973 loading class java/lang/constant/DirectMethodHandleDesc done
Event: 8.973 loading class java/lang/constant/DirectMethodHandleDescImpl done
Event: 8.973 loading class java/lang/constant/DirectMethodHandleDescImpl$1
Event: 8.973 loading class java/lang/constant/DirectMethodHandleDescImpl$1 done
Event: 8.973 loading class java/lang/constant/DirectMethodHandleDesc$1
Event: 8.973 loading class java/lang/constant/DirectMethodHandleDesc$1 done
Event: 8.974 loading class java/lang/constant/PrimitiveClassDescImpl
Event: 8.974 loading class java/lang/constant/DynamicConstantDesc
Event: 8.974 loading class java/lang/constant/DynamicConstantDesc done
Event: 8.974 loading class java/lang/constant/PrimitiveClassDescImpl done
Event: 8.974 loading class java/lang/constant/DynamicConstantDesc$AnonymousDynamicConstantDesc
Event: 8.974 loading class java/lang/constant/DynamicConstantDesc$AnonymousDynamicConstantDesc done
Event: 8.975 loading class sun/security/provider/ByteArrayAccess
Event: 8.975 loading class sun/security/provider/ByteArrayAccess done
Event: 8.975 loading class java/util/Base64
Event: 8.976 loading class java/util/Base64 done
Event: 8.976 loading class java/util/Base64$Encoder
Event: 8.976 loading class java/util/Base64$Encoder done


Dynamic libraries:
0x00007ff62c210000 - 0x00007ff62c21a000 	C:\Program Files\Android\Android Studio\jbr\bin\java.exe
0x00007ffae2390000 - 0x00007ffae25a7000 	C:\WINDOWS\SYSTEM32\ntdll.dll
0x00007ffae1460000 - 0x00007ffae1524000 	C:\WINDOWS\System32\KERNEL32.DLL
0x00007ffadfc20000 - 0x00007ffadffcd000 	C:\WINDOWS\System32\KERNELBASE.dll
0x00007ffadfa90000 - 0x00007ffadfba1000 	C:\WINDOWS\System32\ucrtbase.dll
0x00007ffac1810000 - 0x00007ffac1827000 	C:\Program Files\Android\Android Studio\jbr\bin\jli.dll
0x00007ffab9de0000 - 0x00007ffab9dfb000 	C:\Program Files\Android\Android Studio\jbr\bin\VCRUNTIME140.dll
0x00007ffae0b80000 - 0x00007ffae0d2e000 	C:\WINDOWS\System32\USER32.dll
0x00007ffadffd0000 - 0x00007ffadfff6000 	C:\WINDOWS\System32\win32u.dll
0x00007ffae1920000 - 0x00007ffae1949000 	C:\WINDOWS\System32\GDI32.dll
0x00007ffadf7d0000 - 0x00007ffadf8e9000 	C:\WINDOWS\System32\gdi32full.dll
0x00007ffae0000000 - 0x00007ffae009a000 	C:\WINDOWS\System32\msvcp_win.dll
0x00007ffac34e0000 - 0x00007ffac3773000 	C:\WINDOWS\WinSxS\amd64_microsoft.windows.common-controls_6595b64144ccf1df_6.0.22621.3672_none_2713b9d173822955\COMCTL32.dll
0x00007ffae11c0000 - 0x00007ffae1267000 	C:\WINDOWS\System32\msvcrt.dll
0x00007ffae1960000 - 0x00007ffae1991000 	C:\WINDOWS\System32\IMM32.DLL
0x00007ffac2250000 - 0x00007ffac225c000 	C:\Program Files\Android\Android Studio\jbr\bin\vcruntime140_1.dll
0x00007ffaafa60000 - 0x00007ffaafaed000 	C:\Program Files\Android\Android Studio\jbr\bin\msvcp140.dll
0x00007ffa9a980000 - 0x00007ffa9b603000 	C:\Program Files\Android\Android Studio\jbr\bin\server\jvm.dll
0x00007ffae0ac0000 - 0x00007ffae0b72000 	C:\WINDOWS\System32\ADVAPI32.dll
0x00007ffae0a10000 - 0x00007ffae0ab9000 	C:\WINDOWS\System32\sechost.dll
0x00007ffadf8f0000 - 0x00007ffadf918000 	C:\WINDOWS\System32\bcrypt.dll
0x00007ffae0ec0000 - 0x00007ffae0fd4000 	C:\WINDOWS\System32\RPCRT4.dll
0x00007ffadf3a0000 - 0x00007ffadf3ed000 	C:\WINDOWS\SYSTEM32\POWRPROF.dll
0x00007ffad60a0000 - 0x00007ffad60aa000 	C:\WINDOWS\SYSTEM32\VERSION.dll
0x00007ffad39d0000 - 0x00007ffad39d9000 	C:\WINDOWS\SYSTEM32\WSOCK32.dll
0x00007ffad6060000 - 0x00007ffad6094000 	C:\WINDOWS\SYSTEM32\WINMM.dll
0x00007ffae16f0000 - 0x00007ffae1761000 	C:\WINDOWS\System32\WS2_32.dll
0x00007ffadf380000 - 0x00007ffadf393000 	C:\WINDOWS\SYSTEM32\UMPDC.dll
0x00007ffade6c0000 - 0x00007ffade6d8000 	C:\WINDOWS\SYSTEM32\kernel.appcore.dll
0x00007ffadb510000 - 0x00007ffadb51a000 	C:\Program Files\Android\Android Studio\jbr\bin\jimage.dll
0x00007ffadcf50000 - 0x00007ffadd182000 	C:\WINDOWS\SYSTEM32\DBGHELP.DLL
0x00007ffae1f90000 - 0x00007ffae2318000 	C:\WINDOWS\System32\combase.dll
0x00007ffae19b0000 - 0x00007ffae1a87000 	C:\WINDOWS\System32\OLEAUT32.dll
0x00007ffad6540000 - 0x00007ffad6572000 	C:\WINDOWS\SYSTEM32\dbgcore.DLL
0x00007ffadf690000 - 0x00007ffadf70b000 	C:\WINDOWS\System32\bcryptPrimitives.dll
0x00007ffaca7f0000 - 0x00007ffaca815000 	C:\Program Files\Android\Android Studio\jbr\bin\java.dll
0x00007ffacb740000 - 0x00007ffacb758000 	C:\Program Files\Android\Android Studio\jbr\bin\zip.dll
0x00007ffae0150000 - 0x00007ffae09af000 	C:\WINDOWS\System32\SHELL32.dll
0x00007ffadd5e0000 - 0x00007ffaddedc000 	C:\WINDOWS\SYSTEM32\windows.storage.dll
0x00007ffadd4a0000 - 0x00007ffadd5df000 	C:\WINDOWS\SYSTEM32\wintypes.dll
0x00007ffae0d30000 - 0x00007ffae0e24000 	C:\WINDOWS\System32\SHCORE.dll
0x00007ffae0fe0000 - 0x00007ffae103e000 	C:\WINDOWS\System32\shlwapi.dll
0x00007ffadf5c0000 - 0x00007ffadf5e1000 	C:\WINDOWS\SYSTEM32\profapi.dll
0x00007ffac96c0000 - 0x00007ffac96d9000 	C:\Program Files\Android\Android Studio\jbr\bin\net.dll
0x00007ffadba40000 - 0x00007ffadbb76000 	C:\WINDOWS\SYSTEM32\WINHTTP.dll
0x00007ffadeb30000 - 0x00007ffadeb99000 	C:\WINDOWS\system32\mswsock.dll
0x00007ffac2260000 - 0x00007ffac2276000 	C:\Program Files\Android\Android Studio\jbr\bin\nio.dll
0x00007ffadb4e0000 - 0x00007ffadb4f0000 	C:\Program Files\Android\Android Studio\jbr\bin\verify.dll

dbghelp: loaded successfully - version: 4.0.5 - missing functions: none
symbol engine: initialized successfully - sym options: 0x614 - pdb path: .;C:\Program Files\Android\Android Studio\jbr\bin;C:\WINDOWS\SYSTEM32;C:\WINDOWS\WinSxS\amd64_microsoft.windows.common-controls_6595b64144ccf1df_6.0.22621.3672_none_2713b9d173822955;C:\Program Files\Android\Android Studio\jbr\bin\server

VM Arguments:
java_command: org.jetbrains.kotlin.cli.jvm.K2JVMCompiler @C:\Users\Owner\AndroidStudioProjects\LazyListy\app\build\20240708_10452468294964225006.compiler.options
java_class_path (initial): C:\Users\Owner\.gradle\caches\modules-2\files-2.1\org.jetbrains.kotlin\kotlin-compiler-embeddable\1.9.0\2c8c3a7402becca891f12739b3e9fd2dc2adbd7a\kotlin-compiler-embeddable-1.9.0.jar;C:\Users\Owner\.gradle\caches\modules-2\files-2.1\org.jetbrains.kotlin\kotlin-stdlib\1.9.0\8ee15ef0c67dc83d874f412d84378d7f0eb50b63\kotlin-stdlib-1.9.0.jar;C:\Users\Owner\.gradle\caches\modules-2\files-2.1\org.jetbrains.kotlin\kotlin-script-runtime\1.9.0\4b3102cbbb7e1b58d9d1adf89563f00069ffa7d1\kotlin-script-runtime-1.9.0.jar;C:\Users\Owner\.gradle\caches\modules-2\files-2.1\org.jetbrains.kotlin\kotlin-reflect\1.6.10\1cbe9c92c12a94eea200d23c2bbaedaf3daf5132\kotlin-reflect-1.6.10.jar;C:\Users\Owner\.gradle\caches\modules-2\files-2.1\org.jetbrains.kotlin\kotlin-daemon-embeddable\1.9.0\186543f5e28cf8d9a0290fecc2cf34301c40a65c\kotlin-daemon-embeddable-1.9.0.jar;C:\Users\Owner\.gradle\caches\modules-2\files-2.1\org.jetbrains.intellij.deps\trove4j\1.0.20200330\3afb14d5f9ceb459d724e907a21145e8ff394f02\trove4j-1.0.20200330.jar;C:\Users\Owner\.gradle\caches\modules-2\files-2.1\org.jetbrains.kotlin\kotlin-stdlib-common\1.9.0\cd65c21cfd1eec4d44ef09f9f52b6d9f8a720636\kotlin-stdlib-common-1.9.0.jar;C:\Users\Owner\.gradle\caches\modules-2\files-2.1\org.jetbrains\annotations\13.0\919f0dfe192fb4e063e7dacadee7f8bb9a2672a9\annotations-13.0.jar
Launcher Type: SUN_STANDARD

[Global flags]
     intx CICompilerCount                          = 3                                         {product} {ergonomic}
     uint ConcGCThreads                            = 2                                         {product} {ergonomic}
     uint G1ConcRefinementThreads                  = 6                                         {product} {ergonomic}
   size_t G1HeapRegionSize                         = 1048576                                   {product} {ergonomic}
    uintx GCDrainStackTargetSize                   = 64                                        {product} {ergonomic}
   size_t InitialHeapSize                          = 125829120                                 {product} {ergonomic}
   size_t MarkStackSize                            = 4194304                                   {product} {ergonomic}
   size_t MaxHeapSize                              = 1983905792                                {product} {ergonomic}
   size_t MaxNewSize                               = 1190133760                                {product} {ergonomic}
   size_t MinHeapDeltaBytes                        = 1048576                                   {product} {ergonomic}
   size_t MinHeapSize                              = 8388608                                   {product} {ergonomic}
    uintx NonNMethodCodeHeapSize                   = 5832780                                {pd product} {ergonomic}
    uintx NonProfiledCodeHeapSize                  = 122912730                              {pd product} {ergonomic}
    uintx ProfiledCodeHeapSize                     = 122912730                              {pd product} {ergonomic}
    uintx ReservedCodeCacheSize                    = 251658240                              {pd product} {ergonomic}
     bool SegmentedCodeCache                       = true                                      {product} {ergonomic}
   size_t SoftMaxHeapSize                          = 1983905792                             {manageable} {ergonomic}
     bool UseCompressedClassPointers               = true                           {product lp64_product} {ergonomic}
     bool UseCompressedOops                        = true                           {product lp64_product} {ergonomic}
     bool UseG1GC                                  = true                                      {product} {ergonomic}
     bool UseLargePagesIndividualAllocation        = false                                  {pd product} {ergonomic}

Logging:
Log output configuration:
 #0: stdout all=warning uptime,level,tags
 #1: stderr all=off uptime,level,tags

Environment Variables:
JAVA_HOME=C:\Program Files\Java\jdk1.8.0_112
CLASSPATH=.;C:\Program Files\Java\jdk1.8.0_112\lib;C:\Program Files\Java\jdk1.8.0_112\jre\lib
PATH=C:\Program Files\Java\jdk-1.8\bin;C:\Program Files\Common Files\Oracle\Java\javapath;C:\Program Files (x86)\Common Files\Oracle\Java\javapath;C:\WINDOWS\system32;C:\WINDOWS;C:\WINDOWS\System32\Wbem;C:\WINDOWS\System32\WindowsPowerShell\v1.0\;C:\WINDOWS\System32\OpenSSH\;C:\Program Files\Git\cmd;C:\Program Files\dotnet\;C:\Program Files (x86)\sbt\bin;C:\Program Files\Java\jdk-1.8\bin;C:\Users\Owner\AppData\Local\Programs\Python\Python310\Scripts\;C:\Users\Owner\AppData\Local\Programs\Python\Python310\;C:\Users\Owner\AppData\Local\Microsoft\WindowsApps;C:\Users\Owner\AppData\Local\Programs\Microsoft VS Code\bin;C:\Users\Owner\AppData\Local\GitHubDesktop\bin;C:\Users\Owner\.dotnet\tools;C:\Program Files (x86)\sbt\bin;
USERNAME=Owner
OS=Windows_NT
PROCESSOR_IDENTIFIER=AMD64 Family 23 Model 96 Stepping 1, AuthenticAMD
TMP=C:\Users\Owner\AppData\Local\Temp
TEMP=C:\Users\Owner\AppData\Local\Temp



Periodic native trim disabled

JNI global refs:
JNI global refs: 9, weak refs: 17

JNI global refs memory usage: 843, weak refs: 841

OOME stack traces (most recent first):
Classloader memory used:
Loader jdk.internal.loader.ClassLoaders$AppClassLoader                                 : 8180K
Loader bootstrap                                                                       : 1429K
Loader java.net.URLClassLoader                                                         : 242K
Loader jdk.internal.reflect.DelegatingClassLoader                                      : 13472B


---------------  S Y S T E M  ---------------

OS:
 Windows 11 , 64 bit Build 22621 (10.0.22621.3672)
OS uptime: 3 days 16:03 hours

CPU: total 6 (initial active 6) (6 cores per cpu, 1 threads per core) family 23 model 96 stepping 1 microcode 0x0, cx8, cmov, fxsr, mmx, 3dnowpref, sse, sse2, sse3, ssse3, sse4a, sse4.1, sse4.2, popcnt, lzcnt, tsc, tscinvbit, avx, avx2, aes, clmul, bmi1, bmi2, adx, sha, fma, vzeroupper, clflush, clflushopt
Processor Information for all 6 processors :
  Max Mhz: 2375, Current Mhz: 2375, Mhz Limit: 2375

Memory: 4k page, system-wide physical 7564M (223M free)
TotalPageFile size 31116M (AvailPageFile size 10M)
current process WorkingSet (physical memory assigned to process): 389M, peak: 393M
current process commit charge ("private bytes"): 426M, peak: 431M

vm_info: OpenJDK 64-Bit Server VM (17.0.9+0--11185874) for windows-amd64 JRE (17.0.9+0--11185874), built on Dec  6 2023 18:57:44 by "androidbuild" with MS VC++ 16.10 / 16.11 (VS2019)

END.
