#
# There is insufficient memory for the Java Runtime Environment to continue.
# Native memory allocation (mmap) failed to map 51380224 bytes for G1 virtual space
# Possible reasons:
#   The system is out of physical RAM or swap space
#   The process is running with CompressedOops enabled, and the Java Heap may be blocking the growth of the native heap
# Possible solutions:
#   Reduce memory load on the system
#   Increase physical memory or swap space
#   Check if swap backing store is full
#   Decrease Java heap size (-Xmx/-Xms)
#   Decrease number of Java threads
#   Decrease Java thread stack sizes (-Xss)
#   Set larger code cache with -XX:ReservedCodeCacheSize=
#   JVM is running with Unscaled Compressed Oops mode in which the Java heap is
#     placed in the first 4GB address space. The Java Heap base address is the
#     maximum limit for the native heap growth. Please use -XX:HeapBaseMinAddress
#     to set the Java Heap base and to place the Java Heap above 4GB virtual address.
# This output file may be truncated or incomplete.
#
#  Out of Memory Error (os_windows.cpp:3825), pid=32260, tid=16888
#
# JRE version: OpenJDK Runtime Environment (17.0.9) (build 17.0.9+0--11185874)
# Java VM: OpenJDK 64-Bit Server VM (17.0.9+0--11185874, mixed mode, tiered, compressed oops, compressed class ptrs, g1 gc, windows-amd64)
# No core dump will be written. Minidumps are not enabled by default on client versions of Windows
#

---------------  S U M M A R Y ------------

Command Line: org.jetbrains.kotlin.cli.jvm.K2JVMCompiler @C:\Users\Owner\AndroidStudioProjects\LazyListy\app\build\20240708_12667584571720351336.compiler.options

Host: AMD Ryzen 5 4500U with Radeon Graphics         , 6 cores, 7G,  Windows 11 , 64 bit Build 22621 (10.0.22621.3672)
Time: Mon Jul  8 22:06:04 2024 Malay Peninsula Standard Time elapsed time: 5.318720 seconds (0d 0h 0m 5s)

---------------  T H R E A D  ---------------

Current thread (0x0000016d6852f030):  VMThread "VM Thread" [stack: 0x0000004c84500000,0x0000004c84600000] [id=16888]

Stack: [0x0000004c84500000,0x0000004c84600000]
Native frames: (J=compiled Java code, j=interpreted, Vv=VM code, C=native code)
V  [jvm.dll+0x6886e9]
V  [jvm.dll+0x841e4a]
V  [jvm.dll+0x843a8e]
V  [jvm.dll+0x8440f3]
V  [jvm.dll+0x24c14f]
V  [jvm.dll+0x685499]
V  [jvm.dll+0x679c2a]
V  [jvm.dll+0x30cf9b]
V  [jvm.dll+0x314446]
V  [jvm.dll+0x36425e]
V  [jvm.dll+0x36448f]
V  [jvm.dll+0x2e2d68]
V  [jvm.dll+0x2e0f44]
V  [jvm.dll+0x2e054c]
V  [jvm.dll+0x3253fb]
V  [jvm.dll+0x8487eb]
V  [jvm.dll+0x849531]
V  [jvm.dll+0x849a4d]
V  [jvm.dll+0x849e24]
V  [jvm.dll+0x849ef0]
V  [jvm.dll+0x7f06aa]
V  [jvm.dll+0x687565]
C  [ucrtbase.dll+0x29333]
C  [KERNEL32.DLL+0x1257d]
C  [ntdll.dll+0x5af28]

VM_Operation (0x0000004c83ffb8b0): G1CollectForAllocation, mode: safepoint, requested by thread 0x0000016d4f0bac50


---------------  P R O C E S S  ---------------

Threads class SMR info:
_java_thread_list=0x0000016d6e6ac350, length=13, elements={
0x0000016d4f0bac50, 0x0000016d685331f0, 0x0000016d68534610, 0x0000016d686d5100,
0x0000016d686d5c90, 0x0000016d686c8e90, 0x0000016d686c9ff0, 0x0000016d686cf3f0,
0x0000016d686ecaf0, 0x0000016d686fe3f0, 0x0000016d68835ad0, 0x0000016d6884a6c0,
0x0000016d6f385100
}

Java Threads: ( => current thread )
  0x0000016d4f0bac50 JavaThread "main" [_thread_blocked, id=6172, stack(0x0000004c83f00000,0x0000004c84000000)]
  0x0000016d685331f0 JavaThread "Reference Handler" daemon [_thread_blocked, id=21928, stack(0x0000004c84600000,0x0000004c84700000)]
  0x0000016d68534610 JavaThread "Finalizer" daemon [_thread_blocked, id=30292, stack(0x0000004c84700000,0x0000004c84800000)]
  0x0000016d686d5100 JavaThread "Signal Dispatcher" daemon [_thread_blocked, id=23932, stack(0x0000004c84800000,0x0000004c84900000)]
  0x0000016d686d5c90 JavaThread "Attach Listener" daemon [_thread_blocked, id=16872, stack(0x0000004c84900000,0x0000004c84a00000)]
  0x0000016d686c8e90 JavaThread "Service Thread" daemon [_thread_blocked, id=16848, stack(0x0000004c84a00000,0x0000004c84b00000)]
  0x0000016d686c9ff0 JavaThread "Monitor Deflation Thread" daemon [_thread_blocked, id=23084, stack(0x0000004c84b00000,0x0000004c84c00000)]
  0x0000016d686cf3f0 JavaThread "C2 CompilerThread0" daemon [_thread_in_native, id=16924, stack(0x0000004c84c00000,0x0000004c84d00000)]
  0x0000016d686ecaf0 JavaThread "C1 CompilerThread0" daemon [_thread_blocked, id=25612, stack(0x0000004c84d00000,0x0000004c84e00000)]
  0x0000016d686fe3f0 JavaThread "Sweeper thread" daemon [_thread_blocked, id=34648, stack(0x0000004c84e00000,0x0000004c84f00000)]
  0x0000016d68835ad0 JavaThread "Notification Thread" daemon [_thread_blocked, id=26296, stack(0x0000004c84f00000,0x0000004c85000000)]
  0x0000016d6884a6c0 JavaThread "Common-Cleaner" daemon [_thread_blocked, id=31232, stack(0x0000004c85100000,0x0000004c85200000)]
  0x0000016d6f385100 JavaThread "C2 CompilerThread1" daemon [_thread_in_native, id=3596, stack(0x0000004c85800000,0x0000004c85900000)]

Other Threads:
=>0x0000016d6852f030 VMThread "VM Thread" [stack: 0x0000004c84500000,0x0000004c84600000] [id=16888]
  0x0000016d68839fc0 WatcherThread [stack: 0x0000004c85000000,0x0000004c85100000] [id=15480]
  0x0000016d4f113140 GCTaskThread "GC Thread#0" [stack: 0x0000004c84000000,0x0000004c84100000] [id=12124]
  0x0000016d6d28ec80 GCTaskThread "GC Thread#1" [stack: 0x0000004c85200000,0x0000004c85300000] [id=19820]
  0x0000016d6d295930 GCTaskThread "GC Thread#2" [stack: 0x0000004c85300000,0x0000004c85400000] [id=4244]
  0x0000016d6d357350 GCTaskThread "GC Thread#3" [stack: 0x0000004c85400000,0x0000004c85500000] [id=24948]
  0x0000016d6d359620 GCTaskThread "GC Thread#4" [stack: 0x0000004c85500000,0x0000004c85600000] [id=18304]
  0x0000016d6dac0620 GCTaskThread "GC Thread#5" [stack: 0x0000004c85600000,0x0000004c85700000] [id=29180]
  0x0000016d4f122d10 ConcurrentGCThread "G1 Main Marker" [stack: 0x0000004c84100000,0x0000004c84200000] [id=18404]
  0x0000016d4f124ee0 ConcurrentGCThread "G1 Conc#0" [stack: 0x0000004c84200000,0x0000004c84300000] [id=13532]
  0x0000016d6db366a0 ConcurrentGCThread "G1 Conc#1" [stack: 0x0000004c85700000,0x0000004c85800000] [id=13644]
  0x0000016d683944c0 ConcurrentGCThread "G1 Refine#0" [stack: 0x0000004c84300000,0x0000004c84400000] [id=23036]
  0x0000016d6dfe5870 ConcurrentGCThread "G1 Refine#1" [stack: 0x0000004c85900000,0x0000004c85a00000] [id=5228]
  0x0000016d68394d00 ConcurrentGCThread "G1 Service" [stack: 0x0000004c84400000,0x0000004c84500000] [id=33340]

Threads with active compile tasks:
C2 CompilerThread0     5346 3539   !   4       org.jetbrains.kotlin.metadata.ProtoBuf$Type::<init> (875 bytes)
C2 CompilerThread1     5346 3507       4       org.jetbrains.org.objectweb.asm.ClassReader::readMethod (1061 bytes)

VM state: at safepoint (normal execution)

VM Mutex/Monitor currently owned by a thread:  ([mutex/lock_event])
[0x0000016d4f0b7f70] Threads_lock - owner thread: 0x0000016d6852f030
[0x0000016d4f0b7160] Heap_lock - owner thread: 0x0000016d4f0bac50

Heap address: 0x0000000089c00000, size: 1892 MB, Compressed Oops mode: 32-bit

CDS archive(s) not mapped
Compressed class space mapped at: 0x0000000100000000-0x0000000140000000, reserved size: 1073741824
Narrow klass base: 0x0000000000000000, Narrow klass shift: 3, Narrow klass range: 0x140000000

GC Precious Log:
 CPUs: 6 total, 6 available
 Memory: 7564M
 Large Page Support: Disabled
 NUMA Support: Disabled
 Compressed Oops: Enabled (32-bit)
 Heap Region Size: 1M
 Heap Min Capacity: 8M
 Heap Initial Capacity: 120M
 Heap Max Capacity: 1892M
 Pre-touch: Disabled
 Parallel Workers: 6
 Concurrent Workers: 2
 Concurrent Refinement Workers: 6
 Periodic GC: Disabled

Heap:
 garbage-first heap   total 65536K, used 34985K [0x0000000089c00000, 0x0000000100000000)
  region size 1024K, 1 young (1024K), 1 survivors (1024K)
 Metaspace       used 50812K, committed 51072K, reserved 1114112K
  class space    used 6156K, committed 6272K, reserved 1048576K

Heap Regions: E=young(eden), S=young(survivor), O=old, HS=humongous(starts), HC=humongous(continues), CS=collection set, F=free, OA=open archive, CA=closed archive, TAMS=top-at-mark-start (previous, next)
|   0|0x0000000089c00000, 0x0000000089d00000, 0x0000000089d00000|100%|HS|  |TAMS 0x0000000089d00000, 0x0000000089d00000| Complete 
|   1|0x0000000089d00000, 0x0000000089e00000, 0x0000000089e00000|100%|HC|  |TAMS 0x0000000089e00000, 0x0000000089e00000| Complete 
|   2|0x0000000089e00000, 0x0000000089f00000, 0x0000000089f00000|100%|HC|  |TAMS 0x0000000089f00000, 0x0000000089f00000| Complete 
|   3|0x0000000089f00000, 0x000000008a000000, 0x000000008a000000|100%|HC|  |TAMS 0x000000008a000000, 0x000000008a000000| Complete 
|   4|0x000000008a000000, 0x000000008a100000, 0x000000008a100000|100%| O|  |TAMS 0x000000008a100000, 0x000000008a100000| Untracked 
|   5|0x000000008a100000, 0x000000008a200000, 0x000000008a200000|100%| O|  |TAMS 0x000000008a200000, 0x000000008a200000| Untracked 
|   6|0x000000008a200000, 0x000000008a300000, 0x000000008a300000|100%| O|  |TAMS 0x000000008a300000, 0x000000008a300000| Untracked 
|   7|0x000000008a300000, 0x000000008a400000, 0x000000008a400000|100%| O|  |TAMS 0x000000008a400000, 0x000000008a400000| Untracked 
|   8|0x000000008a400000, 0x000000008a500000, 0x000000008a500000|100%| O|  |TAMS 0x000000008a500000, 0x000000008a500000| Untracked 
|   9|0x000000008a500000, 0x000000008a600000, 0x000000008a600000|100%| O|  |TAMS 0x000000008a500000, 0x000000008a600000| Untracked 
|  10|0x000000008a600000, 0x000000008a700000, 0x000000008a700000|100%| O|  |TAMS 0x000000008a700000, 0x000000008a700000| Untracked 
|  11|0x000000008a700000, 0x000000008a800000, 0x000000008a800000|100%| O|  |TAMS 0x000000008a800000, 0x000000008a800000| Untracked 
|  12|0x000000008a800000, 0x000000008a900000, 0x000000008a900000|100%| O|  |TAMS 0x000000008a900000, 0x000000008a900000| Untracked 
|  13|0x000000008a900000, 0x000000008aa00000, 0x000000008aa00000|100%| O|  |TAMS 0x000000008aa00000, 0x000000008aa00000| Untracked 
|  14|0x000000008aa00000, 0x000000008ab00000, 0x000000008ab00000|100%| O|  |TAMS 0x000000008aa00000, 0x000000008ab00000| Untracked 
|  15|0x000000008ab00000, 0x000000008ac00000, 0x000000008ac00000|100%| O|  |TAMS 0x000000008ab00000, 0x000000008ac00000| Untracked 
|  16|0x000000008ac00000, 0x000000008ad00000, 0x000000008ad00000|100%| O|  |TAMS 0x000000008ad00000, 0x000000008ad00000| Untracked 
|  17|0x000000008ad00000, 0x000000008ae00000, 0x000000008ae00000|100%| O|  |TAMS 0x000000008ad00000, 0x000000008ae00000| Untracked 
|  18|0x000000008ae00000, 0x000000008af00000, 0x000000008af00000|100%| O|  |TAMS 0x000000008ae00000, 0x000000008af00000| Untracked 
|  19|0x000000008af00000, 0x000000008b000000, 0x000000008b000000|100%| O|  |TAMS 0x000000008af00000, 0x000000008b000000| Untracked 
|  20|0x000000008b000000, 0x000000008b100000, 0x000000008b100000|100%| O|  |TAMS 0x000000008b05f200, 0x000000008b100000| Untracked 
|  21|0x000000008b100000, 0x000000008b200000, 0x000000008b200000|100%| O|  |TAMS 0x000000008b100000, 0x000000008b200000| Untracked 
|  22|0x000000008b200000, 0x000000008b300000, 0x000000008b300000|100%| O|  |TAMS 0x000000008b200000, 0x000000008b300000| Untracked 
|  23|0x000000008b300000, 0x000000008b400000, 0x000000008b400000|100%| O|  |TAMS 0x000000008b300000, 0x000000008b400000| Untracked 
|  24|0x000000008b400000, 0x000000008b500000, 0x000000008b500000|100%|HS|  |TAMS 0x000000008b400000, 0x000000008b500000| Complete 
|  25|0x000000008b500000, 0x000000008b600000, 0x000000008b600000|100%|HC|  |TAMS 0x000000008b500000, 0x000000008b600000| Complete 
|  26|0x000000008b600000, 0x000000008b700000, 0x000000008b700000|100%| O|  |TAMS 0x000000008b600000, 0x000000008b700000| Untracked 
|  27|0x000000008b700000, 0x000000008b800000, 0x000000008b800000|100%| O|  |TAMS 0x000000008b700000, 0x000000008b700000| Untracked 
|  28|0x000000008b800000, 0x000000008b900000, 0x000000008b900000|100%| O|  |TAMS 0x000000008b800000, 0x000000008b900000| Untracked 
|  29|0x000000008b900000, 0x000000008ba00000, 0x000000008ba00000|100%| O|  |TAMS 0x000000008b900000, 0x000000008ba00000| Untracked 
|  30|0x000000008ba00000, 0x000000008bb00000, 0x000000008bb00000|100%| O|  |TAMS 0x000000008ba00000, 0x000000008bb00000| Untracked 
|  31|0x000000008bb00000, 0x000000008bc00000, 0x000000008bc00000|100%| O|  |TAMS 0x000000008bb00000, 0x000000008bbc3a00| Untracked 
|  32|0x000000008bc00000, 0x000000008bc56a00, 0x000000008bd00000| 33%| O|  |TAMS 0x000000008bc00000, 0x000000008bc00000| Untracked 
|  33|0x000000008bd00000, 0x000000008bd00000, 0x000000008be00000|  0%| F|  |TAMS 0x000000008bd00000, 0x000000008bd00000| Untracked 
|  34|0x000000008be00000, 0x000000008be00000, 0x000000008bf00000|  0%| F|  |TAMS 0x000000008be00000, 0x000000008be00000| Untracked 
|  35|0x000000008bf00000, 0x000000008bf00000, 0x000000008c000000|  0%| F|  |TAMS 0x000000008bf00000, 0x000000008bf00000| Untracked 
|  36|0x000000008c000000, 0x000000008c000000, 0x000000008c100000|  0%| F|  |TAMS 0x000000008c000000, 0x000000008c000000| Untracked 
|  37|0x000000008c100000, 0x000000008c100000, 0x000000008c200000|  0%| F|  |TAMS 0x000000008c100000, 0x000000008c100000| Untracked 
|  38|0x000000008c200000, 0x000000008c200000, 0x000000008c300000|  0%| F|  |TAMS 0x000000008c200000, 0x000000008c200000| Untracked 
|  39|0x000000008c300000, 0x000000008c300000, 0x000000008c400000|  0%| F|  |TAMS 0x000000008c300000, 0x000000008c300000| Untracked 
|  40|0x000000008c400000, 0x000000008c400000, 0x000000008c500000|  0%| F|  |TAMS 0x000000008c400000, 0x000000008c400000| Untracked 
|  41|0x000000008c500000, 0x000000008c500000, 0x000000008c600000|  0%| F|  |TAMS 0x000000008c500000, 0x000000008c500000| Untracked 
|  42|0x000000008c600000, 0x000000008c600000, 0x000000008c700000|  0%| F|  |TAMS 0x000000008c600000, 0x000000008c600000| Untracked 
|  43|0x000000008c700000, 0x000000008c700000, 0x000000008c800000|  0%| F|  |TAMS 0x000000008c700000, 0x000000008c700000| Untracked 
|  44|0x000000008c800000, 0x000000008c800000, 0x000000008c900000|  0%| F|  |TAMS 0x000000008c800000, 0x000000008c800000| Untracked 
|  45|0x000000008c900000, 0x000000008c900000, 0x000000008ca00000|  0%| F|  |TAMS 0x000000008c900000, 0x000000008c900000| Untracked 
|  46|0x000000008ca00000, 0x000000008ca00000, 0x000000008cb00000|  0%| F|  |TAMS 0x000000008ca00000, 0x000000008ca00000| Untracked 
|  47|0x000000008cb00000, 0x000000008cb00000, 0x000000008cc00000|  0%| F|  |TAMS 0x000000008cb00000, 0x000000008cb00000| Untracked 
|  48|0x000000008cc00000, 0x000000008ccd3ba8, 0x000000008cd00000| 82%| S|CS|TAMS 0x000000008cc00000, 0x000000008cc00000| Complete 
|  49|0x000000008cd00000, 0x000000008cd00000, 0x000000008ce00000|  0%| F|  |TAMS 0x000000008cd00000, 0x000000008cd00000| Untracked 
|  50|0x000000008ce00000, 0x000000008ce00000, 0x000000008cf00000|  0%| F|  |TAMS 0x000000008ce00000, 0x000000008ce00000| Untracked 
|  51|0x000000008cf00000, 0x000000008cf00000, 0x000000008d000000|  0%| F|  |TAMS 0x000000008cf00000, 0x000000008cf00000| Untracked 
|  52|0x000000008d000000, 0x000000008d000000, 0x000000008d100000|  0%| F|  |TAMS 0x000000008d000000, 0x000000008d000000| Untracked 
|  53|0x000000008d100000, 0x000000008d100000, 0x000000008d200000|  0%| F|  |TAMS 0x000000008d100000, 0x000000008d100000| Untracked 
|  54|0x000000008d200000, 0x000000008d200000, 0x000000008d300000|  0%| F|  |TAMS 0x000000008d200000, 0x000000008d200000| Untracked 
|  55|0x000000008d300000, 0x000000008d300000, 0x000000008d400000|  0%| F|  |TAMS 0x000000008d300000, 0x000000008d300000| Untracked 
|  56|0x000000008d400000, 0x000000008d400000, 0x000000008d500000|  0%| F|  |TAMS 0x000000008d400000, 0x000000008d400000| Untracked 
|  57|0x000000008d500000, 0x000000008d500000, 0x000000008d600000|  0%| F|  |TAMS 0x000000008d500000, 0x000000008d500000| Untracked 
| 111|0x0000000090b00000, 0x0000000090b00000, 0x0000000090c00000|  0%| F|  |TAMS 0x0000000090b00000, 0x0000000090b00000| Untracked 
| 112|0x0000000090c00000, 0x0000000090c00000, 0x0000000090d00000|  0%| F|  |TAMS 0x0000000090c00000, 0x0000000090c00000| Untracked 
| 113|0x0000000090d00000, 0x0000000090d00000, 0x0000000090e00000|  0%| F|  |TAMS 0x0000000090d00000, 0x0000000090d00000| Untracked 
| 114|0x0000000090e00000, 0x0000000090e00000, 0x0000000090f00000|  0%| F|  |TAMS 0x0000000090e00000, 0x0000000090e00000| Untracked 
| 119|0x0000000091300000, 0x0000000091300000, 0x0000000091400000|  0%| F|  |TAMS 0x0000000091300000, 0x0000000091300000| Untracked 
|1891|0x00000000fff00000, 0x0000000100000000, 0x0000000100000000|100%| O|  |TAMS 0x0000000100000000, 0x0000000100000000| Untracked 

Card table byte_map: [0x0000016d61a60000,0x0000016d61e20000] _byte_map_base: 0x0000016d61612000

Marking Bits (Prev, Next): (CMBitMap*) 0x0000016d4f113760, (CMBitMap*) 0x0000016d4f1137a0
 Prev Bits: [0x0000016d621e0000, 0x0000016d63f70000)
 Next Bits: [0x0000016d63f70000, 0x0000016d65d00000)

Polling page: 0x0000016d4d010000

Metaspace:

Usage:
  Non-class:     43.61 MB used.
      Class:      6.01 MB used.
       Both:     49.62 MB used.

Virtual space:
  Non-class space:       64.00 MB reserved,      43.75 MB ( 68%) committed,  1 nodes.
      Class space:        1.00 GB reserved,       6.12 MB ( <1%) committed,  1 nodes.
             Both:        1.06 GB reserved,      49.88 MB (  5%) committed. 

Chunk freelists:
   Non-Class:  3.39 MB
       Class:  9.86 MB
        Both:  13.25 MB

MaxMetaspaceSize: unlimited
CompressedClassSpaceSize: 1.00 GB
Initial GC threshold: 21.00 MB
Current GC threshold: 58.69 MB
CDS: off
MetaspaceReclaimPolicy: balanced
 - commit_granule_bytes: 65536.
 - commit_granule_words: 8192.
 - virtual_space_node_default_size: 8388608.
 - enlarge_chunks_in_place: 1.
 - new_chunks_are_fully_committed: 0.
 - uncommit_free_chunks: 1.
 - use_allocation_guard: 0.
 - handle_deallocations: 1.


Internal statistics:

num_allocs_failed_limit: 6.
num_arena_births: 182.
num_arena_deaths: 0.
num_vsnodes_births: 2.
num_vsnodes_deaths: 0.
num_space_committed: 796.
num_space_uncommitted: 0.
num_chunks_returned_to_freelist: 6.
num_chunks_taken_from_freelist: 1659.
num_chunk_merges: 6.
num_chunk_splits: 1390.
num_chunks_enlarged: 1261.
num_inconsistent_stats: 0.

CodeHeap 'non-profiled nmethods': size=120000Kb used=1662Kb max_used=1662Kb free=118337Kb
 bounds [0x0000016d5a060000, 0x0000016d5a2d0000, 0x0000016d61590000]
CodeHeap 'profiled nmethods': size=120000Kb used=7666Kb max_used=7666Kb free=112333Kb
 bounds [0x0000016d52590000, 0x0000016d52d10000, 0x0000016d59ac0000]
CodeHeap 'non-nmethods': size=5760Kb used=1275Kb max_used=1322Kb free=4484Kb
 bounds [0x0000016d59ac0000, 0x0000016d59d30000, 0x0000016d5a060000]
 total_blobs=4226 nmethods=3635 adapters=503
 compilation: enabled
              stopped_count=0, restarted_count=0
 full_count=0

Compilation events (20 events):
Event: 5.253 Thread 0x0000016d686ecaf0 3653       2       org.jetbrains.kotlin.com.intellij.openapi.vfs.impl.jar.CoreJarVirtualFile::getFileSystem (16 bytes)
Event: 5.254 Thread 0x0000016d686ecaf0 nmethod 3653 0x0000016d52d0a210 code [0x0000016d52d0a3c0, 0x0000016d52d0a538]
Event: 5.254 Thread 0x0000016d686ecaf0 3655       2       gnu.trove.THash::computeMaxSize (38 bytes)
Event: 5.254 Thread 0x0000016d686ecaf0 nmethod 3655 0x0000016d52d0a610 code [0x0000016d52d0a7a0, 0x0000016d52d0a8f8]
Event: 5.254 Thread 0x0000016d686ecaf0 3654       2       org.jetbrains.kotlin.com.intellij.openapi.vfs.impl.jar.CoreJarHandler::getFileSystem (14 bytes)
Event: 5.254 Thread 0x0000016d686ecaf0 nmethod 3654 0x0000016d52d0a990 code [0x0000016d52d0ab20, 0x0000016d52d0ac68]
Event: 5.256 Thread 0x0000016d686ecaf0 3656       2       java.util.concurrent.atomic.AtomicReferenceFieldUpdater$AtomicReferenceFieldUpdaterImpl::compareAndSet (24 bytes)
Event: 5.256 Thread 0x0000016d686ecaf0 nmethod 3656 0x0000016d52d0ad10 code [0x0000016d52d0aec0, 0x0000016d52d0b198]
Event: 5.256 Thread 0x0000016d686ecaf0 3657       1       org.jetbrains.kotlin.metadata.ProtoBuf$Type::getClassName (5 bytes)
Event: 5.256 Thread 0x0000016d686ecaf0 nmethod 3657 0x0000016d5a1ff490 code [0x0000016d5a1ff620, 0x0000016d5a1ff6f8]
Event: 5.258 Thread 0x0000016d686ecaf0 3658       2       org.jetbrains.kotlin.metadata.deserialization.NameResolverImpl::getString (15 bytes)
Event: 5.258 Thread 0x0000016d686ecaf0 nmethod 3658 0x0000016d52d0b310 code [0x0000016d52d0b4c0, 0x0000016d52d0b658]
Event: 5.290 Thread 0x0000016d686ecaf0 3659       2       java.lang.Enum::equals (11 bytes)
Event: 5.290 Thread 0x0000016d686ecaf0 nmethod 3659 0x0000016d52d0b790 code [0x0000016d52d0b920, 0x0000016d52d0ba38]
Event: 5.300 Thread 0x0000016d686ecaf0 3660   !   2       org.jetbrains.kotlin.storage.LockBasedStorageManager::compute (60 bytes)
Event: 5.300 Thread 0x0000016d686ecaf0 nmethod 3660 0x0000016d52d0bb10 code [0x0000016d52d0bd00, 0x0000016d52d0bf78]
Event: 5.307 Thread 0x0000016d686ecaf0 3662       2       org.jetbrains.kotlin.com.intellij.psi.impl.source.tree.SharedImplUtil::getPrevSibling (18 bytes)
Event: 5.307 Thread 0x0000016d686ecaf0 nmethod 3662 0x0000016d52d0c190 code [0x0000016d52d0c340, 0x0000016d52d0c4d8]
Event: 5.307 Thread 0x0000016d686ecaf0 3663       2       org.jetbrains.kotlin.com.intellij.psi.impl.source.tree.TreeElement::getTreePrev (5 bytes)
Event: 5.307 Thread 0x0000016d686ecaf0 nmethod 3663 0x0000016d52d0c610 code [0x0000016d52d0c7a0, 0x0000016d52d0c8b8]

GC Heap History (20 events):
Event: 2.688 GC heap after
{Heap after GC invocations=5 (full 0):
 garbage-first heap   total 40960K, used 11316K [0x0000000089c00000, 0x0000000100000000)
  region size 1024K, 2 young (2048K), 2 survivors (2048K)
 Metaspace       used 27768K, committed 27904K, reserved 1114112K
  class space    used 3284K, committed 3328K, reserved 1048576K
}
Event: 2.721 GC heap before
{Heap before GC invocations=5 (full 0):
 garbage-first heap   total 40960K, used 12340K [0x0000000089c00000, 0x0000000100000000)
  region size 1024K, 3 young (3072K), 2 survivors (2048K)
 Metaspace       used 28251K, committed 28416K, reserved 1114112K
  class space    used 3435K, committed 3520K, reserved 1048576K
}
Event: 2.724 GC heap after
{Heap after GC invocations=6 (full 0):
 garbage-first heap   total 40960K, used 11600K [0x0000000089c00000, 0x0000000100000000)
  region size 1024K, 1 young (1024K), 1 survivors (1024K)
 Metaspace       used 28251K, committed 28416K, reserved 1114112K
  class space    used 3435K, committed 3520K, reserved 1048576K
}
Event: 2.926 GC heap before
{Heap before GC invocations=6 (full 0):
 garbage-first heap   total 40960K, used 35152K [0x0000000089c00000, 0x0000000100000000)
  region size 1024K, 20 young (20480K), 1 survivors (1024K)
 Metaspace       used 29358K, committed 29568K, reserved 1114112K
  class space    used 3620K, committed 3712K, reserved 1048576K
}
Event: 2.935 GC heap after
{Heap after GC invocations=7 (full 0):
 garbage-first heap   total 54272K, used 18602K [0x0000000089c00000, 0x0000000100000000)
  region size 1024K, 3 young (3072K), 3 survivors (3072K)
 Metaspace       used 29358K, committed 29568K, reserved 1114112K
  class space    used 3620K, committed 3712K, reserved 1048576K
}
Event: 3.325 GC heap before
{Heap before GC invocations=7 (full 0):
 garbage-first heap   total 54272K, used 38058K [0x0000000089c00000, 0x0000000100000000)
  region size 1024K, 22 young (22528K), 3 survivors (3072K)
 Metaspace       used 33915K, committed 34112K, reserved 1114112K
  class space    used 4329K, committed 4416K, reserved 1048576K
}
Event: 3.335 GC heap after
{Heap after GC invocations=8 (full 0):
 garbage-first heap   total 54272K, used 21710K [0x0000000089c00000, 0x0000000100000000)
  region size 1024K, 3 young (3072K), 3 survivors (3072K)
 Metaspace       used 33915K, committed 34112K, reserved 1114112K
  class space    used 4329K, committed 4416K, reserved 1048576K
}
Event: 3.575 GC heap before
{Heap before GC invocations=8 (full 0):
 garbage-first heap   total 54272K, used 40142K [0x0000000089c00000, 0x0000000100000000)
  region size 1024K, 20 young (20480K), 3 survivors (3072K)
 Metaspace       used 35758K, committed 35968K, reserved 1114112K
  class space    used 4536K, committed 4672K, reserved 1048576K
}
Event: 3.582 GC heap after
{Heap after GC invocations=9 (full 0):
 garbage-first heap   total 54272K, used 22518K [0x0000000089c00000, 0x0000000100000000)
  region size 1024K, 3 young (3072K), 3 survivors (3072K)
 Metaspace       used 35758K, committed 35968K, reserved 1114112K
  class space    used 4536K, committed 4672K, reserved 1048576K
}
Event: 3.918 GC heap before
{Heap before GC invocations=10 (full 0):
 garbage-first heap   total 54272K, used 37878K [0x0000000089c00000, 0x0000000100000000)
  region size 1024K, 19 young (19456K), 3 survivors (3072K)
 Metaspace       used 38923K, committed 39168K, reserved 1114112K
  class space    used 4831K, committed 4928K, reserved 1048576K
}
Event: 3.924 GC heap after
{Heap after GC invocations=11 (full 0):
 garbage-first heap   total 54272K, used 24513K [0x0000000089c00000, 0x0000000100000000)
  region size 1024K, 2 young (2048K), 2 survivors (2048K)
 Metaspace       used 38923K, committed 39168K, reserved 1114112K
  class space    used 4831K, committed 4928K, reserved 1048576K
}
Event: 3.937 GC heap before
{Heap before GC invocations=11 (full 0):
 garbage-first heap   total 54272K, used 25537K [0x0000000089c00000, 0x0000000100000000)
  region size 1024K, 3 young (3072K), 2 survivors (2048K)
 Metaspace       used 39084K, committed 39296K, reserved 1114112K
  class space    used 4839K, committed 4928K, reserved 1048576K
}
Event: 3.941 GC heap after
{Heap after GC invocations=12 (full 0):
 garbage-first heap   total 65536K, used 24209K [0x0000000089c00000, 0x0000000100000000)
  region size 1024K, 1 young (1024K), 1 survivors (1024K)
 Metaspace       used 39084K, committed 39296K, reserved 1114112K
  class space    used 4839K, committed 4928K, reserved 1048576K
}
Event: 4.478 GC heap before
{Heap before GC invocations=12 (full 0):
 garbage-first heap   total 65536K, used 45713K [0x0000000089c00000, 0x0000000100000000)
  region size 1024K, 23 young (23552K), 1 survivors (1024K)
 Metaspace       used 44734K, committed 44928K, reserved 1114112K
  class space    used 5481K, committed 5568K, reserved 1048576K
}
Event: 4.484 GC heap after
{Heap after GC invocations=13 (full 0):
 garbage-first heap   total 65536K, used 25380K [0x0000000089c00000, 0x0000000100000000)
  region size 1024K, 2 young (2048K), 2 survivors (2048K)
 Metaspace       used 44734K, committed 44928K, reserved 1114112K
  class space    used 5481K, committed 5568K, reserved 1048576K
}
Event: 4.935 GC heap before
{Heap before GC invocations=13 (full 0):
 garbage-first heap   total 65536K, used 49956K [0x0000000089c00000, 0x0000000100000000)
  region size 1024K, 24 young (24576K), 2 survivors (2048K)
 Metaspace       used 48302K, committed 48448K, reserved 1114112K
  class space    used 5882K, committed 5952K, reserved 1048576K
}
Event: 4.944 GC heap after
{Heap after GC invocations=14 (full 0):
 garbage-first heap   total 65536K, used 31366K [0x0000000089c00000, 0x0000000100000000)
  region size 1024K, 3 young (3072K), 3 survivors (3072K)
 Metaspace       used 48302K, committed 48448K, reserved 1114112K
  class space    used 5882K, committed 5952K, reserved 1048576K
}
Event: 5.128 GC heap before
{Heap before GC invocations=14 (full 0):
 garbage-first heap   total 65536K, used 49798K [0x0000000089c00000, 0x0000000100000000)
  region size 1024K, 21 young (21504K), 3 survivors (3072K)
 Metaspace       used 50016K, committed 50240K, reserved 1114112K
  class space    used 6075K, committed 6144K, reserved 1048576K
}
Event: 5.138 GC heap after
{Heap after GC invocations=15 (full 0):
 garbage-first heap   total 65536K, used 35598K [0x0000000089c00000, 0x0000000100000000)
  region size 1024K, 3 young (3072K), 3 survivors (3072K)
 Metaspace       used 50016K, committed 50240K, reserved 1114112K
  class space    used 6075K, committed 6144K, reserved 1048576K
}
Event: 5.307 GC heap before
{Heap before GC invocations=15 (full 0):
 garbage-first heap   total 65536K, used 49934K [0x0000000089c00000, 0x0000000100000000)
  region size 1024K, 17 young (17408K), 3 survivors (3072K)
 Metaspace       used 50812K, committed 51072K, reserved 1114112K
  class space    used 6156K, committed 6272K, reserved 1048576K
}

Dll operation events (2 events):
Event: 0.042 Loaded shared library C:\Program Files\Android\Android Studio\jbr\bin\java.dll
Event: 2.516 Loaded shared library C:\Program Files\Android\Android Studio\jbr\bin\verify.dll

Deoptimization events (20 events):
Event: 4.956 Thread 0x0000016d4f0bac50 Uncommon trap: trap_request=0xffffffc6 fr.pc=0x0000016d5a143438 relative=0x0000000000000098
Event: 4.956 Thread 0x0000016d4f0bac50 Uncommon trap: reason=bimorphic_or_optimized_type_check action=maybe_recompile pc=0x0000016d5a143438 method=java.util.AbstractList$Itr.hasNext()Z @ 8 c2
Event: 4.956 Thread 0x0000016d4f0bac50 DEOPT PACKING pc=0x0000016d5a143438 sp=0x0000004c83ffc2f0
Event: 4.956 Thread 0x0000016d4f0bac50 DEOPT UNPACKING pc=0x0000016d59b169a3 sp=0x0000004c83ffc288 mode 2
Event: 4.957 Thread 0x0000016d4f0bac50 Uncommon trap: trap_request=0xffffffc6 fr.pc=0x0000016d5a143438 relative=0x0000000000000098
Event: 4.957 Thread 0x0000016d4f0bac50 Uncommon trap: reason=bimorphic_or_optimized_type_check action=maybe_recompile pc=0x0000016d5a143438 method=java.util.AbstractList$Itr.hasNext()Z @ 8 c2
Event: 4.957 Thread 0x0000016d4f0bac50 DEOPT PACKING pc=0x0000016d5a143438 sp=0x0000004c83ffc2f0
Event: 4.957 Thread 0x0000016d4f0bac50 DEOPT UNPACKING pc=0x0000016d59b169a3 sp=0x0000004c83ffc288 mode 2
Event: 4.957 Thread 0x0000016d4f0bac50 Uncommon trap: trap_request=0xffffffc6 fr.pc=0x0000016d5a143438 relative=0x0000000000000098
Event: 4.957 Thread 0x0000016d4f0bac50 Uncommon trap: reason=bimorphic_or_optimized_type_check action=maybe_recompile pc=0x0000016d5a143438 method=java.util.AbstractList$Itr.hasNext()Z @ 8 c2
Event: 4.957 Thread 0x0000016d4f0bac50 DEOPT PACKING pc=0x0000016d5a143438 sp=0x0000004c83ffc4e0
Event: 4.957 Thread 0x0000016d4f0bac50 DEOPT UNPACKING pc=0x0000016d59b169a3 sp=0x0000004c83ffc478 mode 2
Event: 5.009 Thread 0x0000016d4f0bac50 Uncommon trap: trap_request=0xffffff45 fr.pc=0x0000016d5a1d2ab0 relative=0x0000000000000210
Event: 5.009 Thread 0x0000016d4f0bac50 Uncommon trap: reason=unstable_if action=reinterpret pc=0x0000016d5a1d2ab0 method=org.jetbrains.kotlin.name.Name.hashCode()I @ 16 c2
Event: 5.009 Thread 0x0000016d4f0bac50 DEOPT PACKING pc=0x0000016d5a1d2ab0 sp=0x0000004c83ffd720
Event: 5.009 Thread 0x0000016d4f0bac50 DEOPT UNPACKING pc=0x0000016d59b169a3 sp=0x0000004c83ffd6b8 mode 2
Event: 5.094 Thread 0x0000016d4f0bac50 Uncommon trap: trap_request=0xffffff45 fr.pc=0x0000016d5a1c0380 relative=0x0000000000000740
Event: 5.094 Thread 0x0000016d4f0bac50 Uncommon trap: reason=unstable_if action=reinterpret pc=0x0000016d5a1c0380 method=org.jetbrains.org.objectweb.asm.ClassReader.readUTF8(I[C)Ljava/lang/String; @ 11 c2
Event: 5.094 Thread 0x0000016d4f0bac50 DEOPT PACKING pc=0x0000016d5a1c0380 sp=0x0000004c83ffbc90
Event: 5.094 Thread 0x0000016d4f0bac50 DEOPT UNPACKING pc=0x0000016d59b169a3 sp=0x0000004c83ffbc78 mode 2

Classes unloaded (0 events):
No events

Classes redefined (0 events):
No events

Internal exceptions (20 events):
Event: 2.286 Thread 0x0000016d4f0bac50 Exception <a 'java/lang/NoSuchMethodError'{0x000000008bc857b8}: 'int java.lang.invoke.DelegatingMethodHandle$Holder.reinvoke_L(java.lang.Object, java.lang.Object, java.lang.Object, long, int)'> (0x000000008bc857b8) 
thrown [s\src\hotspot\share\interpreter\linkResolver.cpp, line 771]
Event: 2.305 Thread 0x0000016d4f0bac50 Exception <a 'java/lang/NoSuchMethodError'{0x000000008bb2ce40}: 'int java.lang.invoke.DirectMethodHandle$Holder.invokeStaticInit(java.lang.Object, java.lang.Object, java.lang.Object)'> (0x000000008bb2ce40) 
thrown [s\src\hotspot\share\interpreter\linkResolver.cpp, line 771]
Event: 2.311 Thread 0x0000016d4f0bac50 Exception <a 'java/lang/NoSuchMethodError'{0x000000008bb54d08}: 'int java.lang.invoke.DirectMethodHandle$Holder.invokeStaticInit(java.lang.Object, java.lang.Object)'> (0x000000008bb54d08) 
thrown [s\src\hotspot\share\interpreter\linkResolver.cpp, line 771]
Event: 2.338 Thread 0x0000016d4f0bac50 Exception <a 'java/lang/NoSuchMethodError'{0x000000008ba33478}: 'void java.lang.invoke.DirectMethodHandle$Holder.invokeSpecial(java.lang.Object, java.lang.Object, java.lang.Object)'> (0x000000008ba33478) 
thrown [s\src\hotspot\share\interpreter\linkResolver.cpp, line 771]
Event: 2.417 Thread 0x0000016d4f0bac50 Exception <a 'java/lang/NoSuchMethodError'{0x000000008b758d08}: 'void java.lang.invoke.DirectMethodHandle$Holder.invokeStatic(java.lang.Object, java.lang.Object, java.lang.Object, java.lang.Object)'> (0x000000008b758d08) 
thrown [s\src\hotspot\share\interpreter\linkResolver.cpp, line 771]
Event: 2.480 Thread 0x0000016d4f0bac50 Exception <a 'java/lang/NoSuchMethodError'{0x000000008b31b778}: 'void java.lang.invoke.DirectMethodHandle$Holder.invokeStaticInit(java.lang.Object, java.lang.Object)'> (0x000000008b31b778) 
thrown [s\src\hotspot\share\interpreter\linkResolver.cpp, line 771]
Event: 2.610 Thread 0x0000016d4f0bac50 Exception <a 'java/lang/NoSuchMethodError'{0x000000008aea7278}: 'void java.lang.invoke.DirectMethodHandle$Holder.invokeVirtual(java.lang.Object, java.lang.Object)'> (0x000000008aea7278) 
thrown [s\src\hotspot\share\interpreter\linkResolver.cpp, line 771]
Event: 2.618 Thread 0x0000016d4f0bac50 Exception <a 'java/lang/NoSuchMethodError'{0x000000008aef22d0}: 'int java.lang.invoke.DirectMethodHandle$Holder.invokeVirtual(java.lang.Object, java.lang.Object)'> (0x000000008aef22d0) 
thrown [s\src\hotspot\share\interpreter\linkResolver.cpp, line 771]
Event: 2.634 Thread 0x0000016d4f0bac50 Exception <a 'java/lang/NoSuchMethodError'{0x000000008ad8aed8}: 'java.lang.Object java.lang.invoke.Invokers$Holder.invokeExact_MT(java.lang.Object, java.lang.Object, java.lang.Object, java.lang.Object, java.lang.Object, java.lang.Object)'> (0x000000008ad8aed8) 
thrown [s\src\hotspot\share\interpreter\linkResolver.cpp, line 771]
Event: 3.147 Thread 0x0000016d4f0bac50 Implicit null exception at 0x0000016d5a0772f2 to 0x0000016d5a0778bc
Event: 3.292 Thread 0x0000016d4f0bac50 Implicit null exception at 0x0000016d5a078f72 to 0x0000016d5a07954c
Event: 3.362 Thread 0x0000016d4f0bac50 Exception <a 'java/lang/NoSuchMethodError'{0x0000000090e3f148}: 'java.lang.Object java.lang.invoke.DirectMethodHandle$Holder.invokeVirtual(java.lang.Object, java.lang.Object, java.lang.Object)'> (0x0000000090e3f148) 
thrown [s\src\hotspot\share\interpreter\linkResolver.cpp, line 771]
Event: 4.263 Thread 0x0000016d4f0bac50 Exception <a 'java/lang/NoSuchMethodError'{0x000000008cab3660}: 'java.lang.Object java.lang.invoke.DirectMethodHandle$Holder.newInvokeSpecial(java.lang.Object, java.lang.Object, int)'> (0x000000008cab3660) 
thrown [s\src\hotspot\share\interpreter\linkResolver.cpp, line 771]
Event: 4.343 Thread 0x0000016d4f0bac50 Implicit null exception at 0x0000016d5a182a53 to 0x0000016d5a182b54
Event: 4.347 Thread 0x0000016d4f0bac50 Implicit null exception at 0x0000016d5a1880cc to 0x0000016d5a1881a8
Event: 4.406 Thread 0x0000016d4f0bac50 Exception <a 'java/lang/NoSuchMethodError'{0x000000008c64d890}: 'java.lang.Object java.lang.invoke.DirectMethodHandle$Holder.newInvokeSpecial(java.lang.Object, java.lang.Object, java.lang.Object, int)'> (0x000000008c64d890) 
thrown [s\src\hotspot\share\interpreter\linkResolver.cpp, line 771]
Event: 4.406 Thread 0x0000016d4f0bac50 Exception <a 'java/lang/NoSuchMethodError'{0x000000008c651f18}: 'java.lang.Object java.lang.invoke.DirectMethodHandle$Holder.invokeSpecial(java.lang.Object, java.lang.Object, java.lang.Object, java.lang.Object, int)'> (0x000000008c651f18) 
thrown [s\src\hotspot\share\interpreter\linkResolver.cpp, line 771]
Event: 4.407 Thread 0x0000016d4f0bac50 Exception <a 'java/lang/NoSuchMethodError'{0x000000008c655d88}: 'java.lang.Object java.lang.invoke.Invokers$Holder.linkToTargetMethod(java.lang.Object, java.lang.Object, int, java.lang.Object)'> (0x000000008c655d88) 
thrown [s\src\hotspot\share\interpreter\linkResolver.cpp, line 771]
Event: 5.292 Thread 0x0000016d4f0bac50 Exception <a 'java/lang/NoSuchMethodError'{0x000000008cd3d788}: 'int java.lang.invoke.DirectMethodHandle$Holder.invokeStaticInit(java.lang.Object, int)'> (0x000000008cd3d788) 
thrown [s\src\hotspot\share\interpreter\linkResolver.cpp, line 771]
Event: 5.301 Thread 0x0000016d4f0bac50 Exception <a 'java/lang/NoSuchMethodError'{0x000000008cda54b0}: 'java.lang.Object java.lang.invoke.DirectMethodHandle$Holder.newInvokeSpecial(java.lang.Object, java.lang.Object, java.lang.Object, java.lang.Object, java.lang.Object, java.lang.Object)'> (0x000000008cda54b0) 
thrown [s\src\hotspot\share\interpreter\linkResolver.cpp, line 771]

VM Operations (20 events):
Event: 4.336 Executing VM operation: HandshakeAllThreads done
Event: 4.382 Executing VM operation: HandshakeAllThreads
Event: 4.382 Executing VM operation: HandshakeAllThreads done
Event: 4.403 Executing VM operation: HandshakeAllThreads
Event: 4.403 Executing VM operation: HandshakeAllThreads done
Event: 4.470 Executing VM operation: HandshakeAllThreads
Event: 4.470 Executing VM operation: HandshakeAllThreads done
Event: 4.478 Executing VM operation: G1CollectForAllocation
Event: 4.484 Executing VM operation: G1CollectForAllocation done
Event: 4.537 Executing VM operation: HandshakeAllThreads
Event: 4.537 Executing VM operation: HandshakeAllThreads done
Event: 4.828 Executing VM operation: HandshakeAllThreads
Event: 4.828 Executing VM operation: HandshakeAllThreads done
Event: 4.876 Executing VM operation: ICBufferFull
Event: 4.876 Executing VM operation: ICBufferFull done
Event: 4.935 Executing VM operation: G1CollectForAllocation
Event: 4.944 Executing VM operation: G1CollectForAllocation done
Event: 5.128 Executing VM operation: G1CollectForAllocation
Event: 5.138 Executing VM operation: G1CollectForAllocation done
Event: 5.307 Executing VM operation: G1CollectForAllocation

Events (20 events):
Event: 4.855 loading class java/util/stream/IntPipeline$Head
Event: 4.855 loading class java/util/stream/IntPipeline
Event: 4.856 loading class java/util/stream/IntPipeline done
Event: 4.856 loading class java/util/stream/IntPipeline$Head done
Event: 4.856 loading class java/util/stream/IntPipeline$1
Event: 4.856 loading class java/util/stream/IntPipeline$1 done
Event: 4.857 loading class java/util/stream/ReferencePipeline$2
Event: 4.857 loading class java/util/stream/ReferencePipeline$2 done
Event: 4.858 loading class java/util/stream/ReferencePipeline$2$1
Event: 4.858 loading class java/util/stream/ReferencePipeline$2$1 done
Event: 4.858 loading class java/util/stream/IntPipeline$1$1
Event: 4.858 loading class java/util/stream/Sink$ChainedInt
Event: 4.858 loading class java/util/stream/Sink$OfInt
Event: 4.858 loading class java/util/function/IntConsumer
Event: 4.858 loading class java/util/function/IntConsumer done
Event: 4.858 loading class java/util/stream/Sink$OfInt done
Event: 4.858 loading class java/util/stream/Sink$ChainedInt done
Event: 4.858 loading class java/util/stream/IntPipeline$1$1 done
Event: 5.012 loading class java/security/CodeSigner
Event: 5.012 loading class java/security/CodeSigner done


Dynamic libraries:
0x00007ff62c210000 - 0x00007ff62c21a000 	C:\Program Files\Android\Android Studio\jbr\bin\java.exe
0x00007ffae2390000 - 0x00007ffae25a7000 	C:\WINDOWS\SYSTEM32\ntdll.dll
0x00007ffae1460000 - 0x00007ffae1524000 	C:\WINDOWS\System32\KERNEL32.DLL
0x00007ffadfc20000 - 0x00007ffadffcd000 	C:\WINDOWS\System32\KERNELBASE.dll
0x00007ffadfa90000 - 0x00007ffadfba1000 	C:\WINDOWS\System32\ucrtbase.dll
0x00007ffab9de0000 - 0x00007ffab9dfb000 	C:\Program Files\Android\Android Studio\jbr\bin\VCRUNTIME140.dll
0x00007ffac1810000 - 0x00007ffac1827000 	C:\Program Files\Android\Android Studio\jbr\bin\jli.dll
0x00007ffae0b80000 - 0x00007ffae0d2e000 	C:\WINDOWS\System32\USER32.dll
0x00007ffadffd0000 - 0x00007ffadfff6000 	C:\WINDOWS\System32\win32u.dll
0x00007ffae1920000 - 0x00007ffae1949000 	C:\WINDOWS\System32\GDI32.dll
0x00007ffadf7d0000 - 0x00007ffadf8e9000 	C:\WINDOWS\System32\gdi32full.dll
0x00007ffac34e0000 - 0x00007ffac3773000 	C:\WINDOWS\WinSxS\amd64_microsoft.windows.common-controls_6595b64144ccf1df_6.0.22621.3672_none_2713b9d173822955\COMCTL32.dll
0x00007ffae0000000 - 0x00007ffae009a000 	C:\WINDOWS\System32\msvcp_win.dll
0x00007ffae11c0000 - 0x00007ffae1267000 	C:\WINDOWS\System32\msvcrt.dll
0x00007ffae1960000 - 0x00007ffae1991000 	C:\WINDOWS\System32\IMM32.DLL
0x00007ffac2250000 - 0x00007ffac225c000 	C:\Program Files\Android\Android Studio\jbr\bin\vcruntime140_1.dll
0x00007ffaafa60000 - 0x00007ffaafaed000 	C:\Program Files\Android\Android Studio\jbr\bin\msvcp140.dll
0x00007ffa9a980000 - 0x00007ffa9b603000 	C:\Program Files\Android\Android Studio\jbr\bin\server\jvm.dll
0x00007ffae0ac0000 - 0x00007ffae0b72000 	C:\WINDOWS\System32\ADVAPI32.dll
0x00007ffae0a10000 - 0x00007ffae0ab9000 	C:\WINDOWS\System32\sechost.dll
0x00007ffadf8f0000 - 0x00007ffadf918000 	C:\WINDOWS\System32\bcrypt.dll
0x00007ffae0ec0000 - 0x00007ffae0fd4000 	C:\WINDOWS\System32\RPCRT4.dll
0x00007ffad39d0000 - 0x00007ffad39d9000 	C:\WINDOWS\SYSTEM32\WSOCK32.dll
0x00007ffad6060000 - 0x00007ffad6094000 	C:\WINDOWS\SYSTEM32\WINMM.dll
0x00007ffadf3a0000 - 0x00007ffadf3ed000 	C:\WINDOWS\SYSTEM32\POWRPROF.dll
0x00007ffad60a0000 - 0x00007ffad60aa000 	C:\WINDOWS\SYSTEM32\VERSION.dll
0x00007ffae16f0000 - 0x00007ffae1761000 	C:\WINDOWS\System32\ws2_32.DLL
0x00007ffadf380000 - 0x00007ffadf393000 	C:\WINDOWS\SYSTEM32\UMPDC.dll
0x00007ffade6c0000 - 0x00007ffade6d8000 	C:\WINDOWS\SYSTEM32\kernel.appcore.dll
0x00007ffadb510000 - 0x00007ffadb51a000 	C:\Program Files\Android\Android Studio\jbr\bin\jimage.dll
0x00007ffadcf50000 - 0x00007ffadd182000 	C:\WINDOWS\SYSTEM32\DBGHELP.DLL
0x00007ffae1f90000 - 0x00007ffae2318000 	C:\WINDOWS\System32\combase.dll
0x00007ffae19b0000 - 0x00007ffae1a87000 	C:\WINDOWS\System32\OLEAUT32.dll
0x00007ffad6540000 - 0x00007ffad6572000 	C:\WINDOWS\SYSTEM32\dbgcore.DLL
0x00007ffadf690000 - 0x00007ffadf70b000 	C:\WINDOWS\System32\bcryptPrimitives.dll
0x00007ffaca7f0000 - 0x00007ffaca815000 	C:\Program Files\Android\Android Studio\jbr\bin\java.dll
0x00007ffacb740000 - 0x00007ffacb758000 	C:\Program Files\Android\Android Studio\jbr\bin\zip.dll
0x00007ffae0150000 - 0x00007ffae09af000 	C:\WINDOWS\System32\SHELL32.dll
0x00007ffadd5e0000 - 0x00007ffaddedc000 	C:\WINDOWS\SYSTEM32\windows.storage.dll
0x00007ffadd4a0000 - 0x00007ffadd5df000 	C:\WINDOWS\SYSTEM32\wintypes.dll
0x00007ffae0d30000 - 0x00007ffae0e24000 	C:\WINDOWS\System32\SHCORE.dll
0x00007ffae0fe0000 - 0x00007ffae103e000 	C:\WINDOWS\System32\shlwapi.dll
0x00007ffadf5c0000 - 0x00007ffadf5e1000 	C:\WINDOWS\SYSTEM32\profapi.dll
0x00007ffac96c0000 - 0x00007ffac96d9000 	C:\Program Files\Android\Android Studio\jbr\bin\net.dll
0x00007ffadba40000 - 0x00007ffadbb76000 	C:\WINDOWS\SYSTEM32\WINHTTP.dll
0x00007ffadeb30000 - 0x00007ffadeb99000 	C:\WINDOWS\system32\mswsock.dll
0x00007ffac2260000 - 0x00007ffac2276000 	C:\Program Files\Android\Android Studio\jbr\bin\nio.dll
0x00007ffadb4e0000 - 0x00007ffadb4f0000 	C:\Program Files\Android\Android Studio\jbr\bin\verify.dll

dbghelp: loaded successfully - version: 4.0.5 - missing functions: none
symbol engine: initialized successfully - sym options: 0x614 - pdb path: .;C:\Program Files\Android\Android Studio\jbr\bin;C:\WINDOWS\SYSTEM32;C:\WINDOWS\WinSxS\amd64_microsoft.windows.common-controls_6595b64144ccf1df_6.0.22621.3672_none_2713b9d173822955;C:\Program Files\Android\Android Studio\jbr\bin\server

VM Arguments:
java_command: org.jetbrains.kotlin.cli.jvm.K2JVMCompiler @C:\Users\Owner\AndroidStudioProjects\LazyListy\app\build\20240708_12667584571720351336.compiler.options
java_class_path (initial): C:\Users\Owner\.gradle\caches\modules-2\files-2.1\org.jetbrains.kotlin\kotlin-compiler-embeddable\1.9.0\2c8c3a7402becca891f12739b3e9fd2dc2adbd7a\kotlin-compiler-embeddable-1.9.0.jar;C:\Users\Owner\.gradle\caches\modules-2\files-2.1\org.jetbrains.kotlin\kotlin-stdlib\1.9.0\8ee15ef0c67dc83d874f412d84378d7f0eb50b63\kotlin-stdlib-1.9.0.jar;C:\Users\Owner\.gradle\caches\modules-2\files-2.1\org.jetbrains.kotlin\kotlin-script-runtime\1.9.0\4b3102cbbb7e1b58d9d1adf89563f00069ffa7d1\kotlin-script-runtime-1.9.0.jar;C:\Users\Owner\.gradle\caches\modules-2\files-2.1\org.jetbrains.kotlin\kotlin-reflect\1.6.10\1cbe9c92c12a94eea200d23c2bbaedaf3daf5132\kotlin-reflect-1.6.10.jar;C:\Users\Owner\.gradle\caches\modules-2\files-2.1\org.jetbrains.kotlin\kotlin-daemon-embeddable\1.9.0\186543f5e28cf8d9a0290fecc2cf34301c40a65c\kotlin-daemon-embeddable-1.9.0.jar;C:\Users\Owner\.gradle\caches\modules-2\files-2.1\org.jetbrains.intellij.deps\trove4j\1.0.20200330\3afb14d5f9ceb459d724e907a21145e8ff394f02\trove4j-1.0.20200330.jar;C:\Users\Owner\.gradle\caches\modules-2\files-2.1\org.jetbrains.kotlin\kotlin-stdlib-common\1.9.0\cd65c21cfd1eec4d44ef09f9f52b6d9f8a720636\kotlin-stdlib-common-1.9.0.jar;C:\Users\Owner\.gradle\caches\modules-2\files-2.1\org.jetbrains\annotations\13.0\919f0dfe192fb4e063e7dacadee7f8bb9a2672a9\annotations-13.0.jar
Launcher Type: SUN_STANDARD

[Global flags]
     intx CICompilerCount                          = 3                                         {product} {ergonomic}
     uint ConcGCThreads                            = 2                                         {product} {ergonomic}
     uint G1ConcRefinementThreads                  = 6                                         {product} {ergonomic}
   size_t G1HeapRegionSize                         = 1048576                                   {product} {ergonomic}
    uintx GCDrainStackTargetSize                   = 64                                        {product} {ergonomic}
   size_t InitialHeapSize                          = 125829120                                 {product} {ergonomic}
   size_t MarkStackSize                            = 4194304                                   {product} {ergonomic}
   size_t MaxHeapSize                              = 1983905792                                {product} {ergonomic}
   size_t MaxNewSize                               = 1190133760                                {product} {ergonomic}
   size_t MinHeapDeltaBytes                        = 1048576                                   {product} {ergonomic}
   size_t MinHeapSize                              = 8388608                                   {product} {ergonomic}
    uintx NonNMethodCodeHeapSize                   = 5832780                                {pd product} {ergonomic}
    uintx NonProfiledCodeHeapSize                  = 122912730                              {pd product} {ergonomic}
    uintx ProfiledCodeHeapSize                     = 122912730                              {pd product} {ergonomic}
    uintx ReservedCodeCacheSize                    = 251658240                              {pd product} {ergonomic}
     bool SegmentedCodeCache                       = true                                      {product} {ergonomic}
   size_t SoftMaxHeapSize                          = 1983905792                             {manageable} {ergonomic}
     bool UseCompressedClassPointers               = true                           {product lp64_product} {ergonomic}
     bool UseCompressedOops                        = true                           {product lp64_product} {ergonomic}
     bool UseG1GC                                  = true                                      {product} {ergonomic}
     bool UseLargePagesIndividualAllocation        = false                                  {pd product} {ergonomic}

Logging:
Log output configuration:
 #0: stdout all=warning uptime,level,tags
 #1: stderr all=off uptime,level,tags

Environment Variables:
JAVA_HOME=C:\Program Files\Java\jdk1.8.0_112
CLASSPATH=.;C:\Program Files\Java\jdk1.8.0_112\lib;C:\Program Files\Java\jdk1.8.0_112\jre\lib
PATH=C:\Program Files\Java\jdk-1.8\bin;C:\Program Files\Common Files\Oracle\Java\javapath;C:\Program Files (x86)\Common Files\Oracle\Java\javapath;C:\WINDOWS\system32;C:\WINDOWS;C:\WINDOWS\System32\Wbem;C:\WINDOWS\System32\WindowsPowerShell\v1.0\;C:\WINDOWS\System32\OpenSSH\;C:\Program Files\Git\cmd;C:\Program Files\dotnet\;C:\Program Files (x86)\sbt\bin;C:\Program Files\Java\jdk-1.8\bin;C:\Users\Owner\AppData\Local\Programs\Python\Python310\Scripts\;C:\Users\Owner\AppData\Local\Programs\Python\Python310\;C:\Users\Owner\AppData\Local\Microsoft\WindowsApps;C:\Users\Owner\AppData\Local\Programs\Microsoft VS Code\bin;C:\Users\Owner\AppData\Local\GitHubDesktop\bin;C:\Users\Owner\.dotnet\tools;C:\Program Files (x86)\sbt\bin;
USERNAME=Owner
OS=Windows_NT
PROCESSOR_IDENTIFIER=AMD64 Family 23 Model 96 Stepping 1, AuthenticAMD
TMP=C:\Users\Owner\AppData\Local\Temp
TEMP=C:\Users\Owner\AppData\Local\Temp



Periodic native trim disabled

JNI global refs:
JNI global refs: 9, weak refs: 21

JNI global refs memory usage: 843, weak refs: 841

OOME stack traces (most recent first):
Classloader memory used:
Loader jdk.internal.loader.ClassLoaders$AppClassLoader                                 : 5027K
Loader bootstrap                                                                       : 1289K
Loader java.net.URLClassLoader                                                         : 27505B
Loader jdk.internal.reflect.DelegatingClassLoader                                      : 7765B


---------------  S Y S T E M  ---------------

OS:
 Windows 11 , 64 bit Build 22621 (10.0.22621.3672)
OS uptime: 3 days 16:02 hours

CPU: total 6 (initial active 6) (6 cores per cpu, 1 threads per core) family 23 model 96 stepping 1 microcode 0x0, cx8, cmov, fxsr, mmx, 3dnowpref, sse, sse2, sse3, ssse3, sse4a, sse4.1, sse4.2, popcnt, lzcnt, tsc, tscinvbit, avx, avx2, aes, clmul, bmi1, bmi2, adx, sha, fma, vzeroupper, clflush, clflushopt
Processor Information for all 6 processors :
  Max Mhz: 2375, Current Mhz: 2375, Mhz Limit: 2375

Memory: 4k page, system-wide physical 7564M (647M free)
TotalPageFile size 31116M (AvailPageFile size 40M)
current process WorkingSet (physical memory assigned to process): 209M, peak: 209M
current process commit charge ("private bytes"): 241M, peak: 291M

vm_info: OpenJDK 64-Bit Server VM (17.0.9+0--11185874) for windows-amd64 JRE (17.0.9+0--11185874), built on Dec  6 2023 18:57:44 by "androidbuild" with MS VC++ 16.10 / 16.11 (VS2019)

END.
